<?xml version="1.0" encoding="UTF-8"?>
<testsuite name="com.template.FlowTests" tests="1" skipped="0" failures="0" errors="0" timestamp="2020-07-06T16:13:29" hostname="20ldn-mac284.mynet" time="13.841">
  <properties/>
  <testcase name="SleepyFlowTest" classname="com.template.FlowTests" time="13.841"/>
  <system-out><![CDATA[?[37m[INFO] 17:13:15,490 [Test worker] internal.TestCordappImpl. - Generating CorDapp jar from local project in /Users/irynatsimashenka/corda/cordapp-template-java/workflows ...
?[m?[37m[INFO] 17:13:15,685 [Connection worker] internal.TestCordappImpl. - Build
?[m?[37m[INFO] 17:13:16,736 [Connection worker] internal.TestCordappImpl. - Starting Gradle Daemon
?[m?[37m[INFO] 17:13:17,461 [Connection worker] internal.TestCordappImpl. - Connecting to Gradle Daemon
?[m?[37m[INFO] 17:13:17,471 [Connection worker] internal.TestCordappImpl. - Starting Gradle Daemon
?[m?[37m[INFO] 17:13:17,472 [Connection worker] internal.TestCordappImpl. - Build
?[m?[37m[INFO] 17:13:17,903 [Connection worker] internal.TestCordappImpl. - Run build
?[m?[37m[INFO] 17:13:17,924 [Connection worker] internal.TestCordappImpl. - Evaluate settings
?[m?[37m[INFO] 17:13:18,296 [Connection worker] internal.TestCordappImpl. - Run build
?[m?[37m[INFO] 17:13:18,308 [Connection worker] internal.TestCordappImpl. - Configure build
?[m?[37m[INFO] 17:13:18,308 [Connection worker] internal.TestCordappImpl. - Load projects
?[m?[37m[INFO] 17:13:18,431 [Connection worker] internal.TestCordappImpl. - Configure build
?[m?[37m[INFO] 17:13:18,431 [Connection worker] internal.TestCordappImpl. - Configure project :
?[m?[37m[INFO] 17:13:18,814 [Connection worker] internal.TestCordappImpl. - Resolve dependencies of :classpath
?[m?[37m[INFO] 17:13:18,990 [Connection worker] internal.TestCordappImpl. - Configure project :
?[m?[37m[INFO] 17:13:19,000 [Connection worker] internal.TestCordappImpl. - Resolve files of :classpath
?[m?[37m[INFO] 17:13:19,011 [Connection worker] internal.TestCordappImpl. - Configure project :
?[m?[37m[INFO] 17:13:19,011 [Connection worker] internal.TestCordappImpl. - Resolve files of :classpath
?[m?[37m[INFO] 17:13:19,011 [Connection worker] internal.TestCordappImpl. - Configure project :
?[m?[37m[INFO] 17:13:19,641 [Connection worker] internal.TestCordappImpl. - Configure build
?[m?[37m[INFO] 17:13:19,641 [Connection worker] internal.TestCordappImpl. - Configure project :clients
?[m?[37m[INFO] 17:13:19,732 [Connection worker] internal.TestCordappImpl. - Configure build
?[m?[37m[INFO] 17:13:19,732 [Connection worker] internal.TestCordappImpl. - Configure project :contracts
?[m?[37m[INFO] 17:13:19,753 [Connection worker] internal.TestCordappImpl. - Configure build
?[m?[37m[INFO] 17:13:19,753 [Connection worker] internal.TestCordappImpl. - Configure project :workflows
?[m?[37m[INFO] 17:13:19,785 [Connection worker] internal.TestCordappImpl. - Configure build
?[m?[37m[INFO] 17:13:19,785 [Connection worker] internal.TestCordappImpl. - Run build
?[m?[37m[INFO] 17:13:19,877 [Connection worker] internal.TestCordappImpl. - Run tasks
?[m?[37m[INFO] 17:13:19,889 [Connection worker] internal.TestCordappImpl. - Task :contracts:compileJava
?[m?[37m[INFO] 17:13:19,923 [Connection worker] internal.TestCordappImpl. - Resolve dependencies of :contracts:compileClasspath
?[m?[37m[INFO] 17:13:19,968 [Connection worker] internal.TestCordappImpl. - Task :contracts:compileJava
?[m?[37m[INFO] 17:13:19,968 [Connection worker] internal.TestCordappImpl. - Resolve files of :contracts:compileClasspath
?[m?[37m[INFO] 17:13:19,968 [Connection worker] internal.TestCordappImpl. - Task :contracts:compileJava
?[m?[37m[INFO] 17:13:19,989 [Connection worker] internal.TestCordappImpl. - Resolve dependencies of :contracts:annotationProcessor
?[m?[37m[INFO] 17:13:19,989 [Connection worker] internal.TestCordappImpl. - Task :contracts:compileJava
?[m?[37m[INFO] 17:13:19,999 [Connection worker] internal.TestCordappImpl. - Run tasks
?[m?[37m[INFO] 17:13:19,999 [Connection worker] internal.TestCordappImpl. - Task :contracts:processResources
?[m?[37m[INFO] 17:13:20,009 [Connection worker] internal.TestCordappImpl. - Run tasks
?[m?[37m[INFO] 17:13:20,009 [Connection worker] internal.TestCordappImpl. - Task :contracts:classes
?[m?[37m[INFO] 17:13:20,009 [Connection worker] internal.TestCordappImpl. - Run tasks
?[m?[37m[INFO] 17:13:20,010 [Connection worker] internal.TestCordappImpl. - Task :contracts:configureCordappFatJar
?[m?[37m[INFO] 17:13:20,020 [Connection worker] internal.TestCordappImpl. - Resolve dependencies of :contracts:runtime
?[m?[37m[INFO] 17:13:20,062 [Connection worker] internal.TestCordappImpl. - Task :contracts:configureCordappFatJar
?[m?[37m[INFO] 17:13:20,063 [Connection worker] internal.TestCordappImpl. - Resolve files of :contracts:runtime
?[m?[37m[INFO] 17:13:20,063 [Connection worker] internal.TestCordappImpl. - Task :contracts:configureCordappFatJar
?[m?[37m[INFO] 17:13:20,063 [Connection worker] internal.TestCordappImpl. - Resolve files of :contracts:runtime
?[m?[37m[INFO] 17:13:20,063 [Connection worker] internal.TestCordappImpl. - Task :contracts:configureCordappFatJar
?[m?[37m[INFO] 17:13:20,063 [Connection worker] internal.TestCordappImpl. - Resolve files of :contracts:runtime
?[m?[37m[INFO] 17:13:20,074 [Connection worker] internal.TestCordappImpl. - Task :contracts:configureCordappFatJar
?[m?[37m[INFO] 17:13:20,074 [Connection worker] internal.TestCordappImpl. - Run tasks
?[m?[37m[INFO] 17:13:20,074 [Connection worker] internal.TestCordappImpl. - Task :contracts:jar
?[m?[37m[INFO] 17:13:20,085 [Connection worker] internal.TestCordappImpl. - Run tasks
?[m?[37m[INFO] 17:13:20,085 [Connection worker] internal.TestCordappImpl. - Task :workflows:compileJava
?[m?[37m[INFO] 17:13:20,085 [Connection worker] internal.TestCordappImpl. - Resolve dependencies of :workflows:compileClasspath
?[m?[37m[INFO] 17:13:20,127 [Connection worker] internal.TestCordappImpl. - Task :workflows:compileJava
?[m?[37m[INFO] 17:13:20,127 [Connection worker] internal.TestCordappImpl. - Resolve files of :workflows:compileClasspath
?[m?[37m[INFO] 17:13:20,127 [Connection worker] internal.TestCordappImpl. - Task :workflows:compileJava
?[m?[37m[INFO] 17:13:20,127 [Connection worker] internal.TestCordappImpl. - Resolve dependencies of :workflows:annotationProcessor
?[m?[37m[INFO] 17:13:20,127 [Connection worker] internal.TestCordappImpl. - Task :workflows:compileJava
?[m?[37m[INFO] 17:13:20,138 [Connection worker] internal.TestCordappImpl. - Run tasks
?[m?[37m[INFO] 17:13:20,138 [Connection worker] internal.TestCordappImpl. - Task :workflows:processResources
?[m?[37m[INFO] 17:13:20,138 [Connection worker] internal.TestCordappImpl. - Run tasks
?[m?[37m[INFO] 17:13:20,138 [Connection worker] internal.TestCordappImpl. - Task :workflows:classes
?[m?[37m[INFO] 17:13:20,138 [Connection worker] internal.TestCordappImpl. - Run tasks
?[m?[37m[INFO] 17:13:20,138 [Connection worker] internal.TestCordappImpl. - Task :workflows:configureCordappFatJar
?[m?[37m[INFO] 17:13:20,138 [Connection worker] internal.TestCordappImpl. - Resolve dependencies of :workflows:runtime
?[m?[37m[INFO] 17:13:20,169 [Connection worker] internal.TestCordappImpl. - Task :workflows:configureCordappFatJar
?[m?[37m[INFO] 17:13:20,169 [Connection worker] internal.TestCordappImpl. - Resolve files of :workflows:runtime
?[m?[37m[INFO] 17:13:20,169 [Connection worker] internal.TestCordappImpl. - Task :workflows:configureCordappFatJar
?[m?[37m[INFO] 17:13:20,169 [Connection worker] internal.TestCordappImpl. - Resolve files of :workflows:runtime
?[m?[37m[INFO] 17:13:20,171 [Connection worker] internal.TestCordappImpl. - Task :workflows:configureCordappFatJar
?[m?[37m[INFO] 17:13:20,171 [Connection worker] internal.TestCordappImpl. - Resolve files of :workflows:runtime
?[m?[37m[INFO] 17:13:20,171 [Connection worker] internal.TestCordappImpl. - Task :workflows:configureCordappFatJar
?[m?[37m[INFO] 17:13:20,171 [Connection worker] internal.TestCordappImpl. - Resolve files of :workflows:runtime
?[m?[37m[INFO] 17:13:20,171 [Connection worker] internal.TestCordappImpl. - Task :workflows:configureCordappFatJar
?[m?[37m[INFO] 17:13:20,171 [Connection worker] internal.TestCordappImpl. - Run tasks
?[m?[37m[INFO] 17:13:20,171 [Connection worker] internal.TestCordappImpl. - Task :workflows:jar
?[m?[37m[INFO] 17:13:21,679 [Connection worker] internal.TestCordappImpl. - Run tasks
?[m?[37m[INFO] 17:13:21,689 [Connection worker] internal.TestCordappImpl. - Run build
?[m?[37m[INFO] 17:13:21,690 [Connection worker] internal.TestCordappImpl. - Build model 'java.lang.Void' for project ':workflows'
?[m?[37m[INFO] 17:13:21,690 [Connection worker] internal.TestCordappImpl. - Run build
?[m?[37m[INFO] 17:13:21,691 [Connection worker] internal.TestCordappImpl. - Build
?[m?[37m[INFO] 17:13:21,700 [Connection worker] internal.TestCordappImpl. - Deleting unused version-specific caches in /Users/irynatsimashenka/corda/cordapp-template-java/.gradle
?[m?[37m[INFO] 17:13:21,701 [Connection worker] internal.TestCordappImpl. - Build
?[m?[37m[INFO] 17:13:21,712 [Connection worker] internal.TestCordappImpl. - 
?[m?[37m[INFO] 17:13:21,817 [Test worker] cordapp.JarScanningCordappLoader. - Looking for CorDapps in [build/mock-network/20200706-161310.834/nodes/0/cordapps]
?[m?[37m[INFO] 17:13:21,821 [Test worker] cordapp.JarScanningCordappLoader. - Loading CorDapps from RestrictedURL(url=file:/Users/irynatsimashenka/corda/cordapp-template-java/workflows/build/mock-network/20200706-161310.834/nodes/0/cordapps/contracts-0.1.jar, rootPackageName=null), RestrictedURL(url=file:/Users/irynatsimashenka/corda/cordapp-template-java/workflows/build/mock-network/20200706-161310.834/nodes/0/cordapps/workflows-0.1.jar, rootPackageName=null)
?[m?[37m[INFO] 17:13:21,827 [Test worker] cordapp.JarScanningCordappLoader. - Scanning CorDapp in file:/Users/irynatsimashenka/corda/cordapp-template-java/workflows/build/mock-network/20200706-161310.834/nodes/0/cordapps/contracts-0.1.jar
?[m?[37m[INFO] 17:13:21,893 [Test worker] cordapp.JarScanningCordappLoader. - Scanning CorDapp in file:/Users/irynatsimashenka/corda/cordapp-template-java/workflows/build/mock-network/20200706-161310.834/nodes/0/cordapps/workflows-0.1.jar
?[m?[37m[INFO] 17:13:22,432 [Test worker] internal.InternalMockNetwork$MockNode. - Flow external operation executor has a max of 2 threads
?[m?[37m[INFO] 17:13:22,457 [Test worker] internal.InternalMockNetwork$MockNode. - Node starting up ...
?[m?[37m[INFO] 17:13:22,503 [Test worker] internal.NodeFlowManager. - Registered com.template.flows.PingFlow to initiate com.template.flows.PongFlow (version 1)
?[m?[37m[INFO] 17:13:22,961 [Test worker] internal.InternalMockNetwork$MockNode. - Loaded network parameters: NetworkParameters {
      minimumPlatformVersion=1
      notaries=[NotaryInfo(identity=O=Notary Service, L=Zurich, C=CH, validating=true)]
      maxMessageSize=10485760
      maxTransactionSize=524288000
      whitelistedContractImplementations {
        
      }
      eventHorizon=PT720H
      packageOwnership {
        
      }
      modifiedTime=2020-07-06T16:13:10.779Z
      epoch=1
  }
?[m?[37m[INFO] 17:13:22,997 [Test worker] hikari.HikariDataSource. - HikariPool-1 - Starting...
?[m?[37m[INFO] 17:13:23,488 [Test worker] hikari.HikariDataSource. - HikariPool-1 - Start completed.
?[m?[37m[INFO] 17:13:25,595 [Test worker] changelog.StandardChangeLogHistoryService. - Creating database history table with name: PUBLIC.DATABASECHANGELOG
?[m?[37m[INFO] 17:13:25,598 [Test worker] jvm.JdbcExecutor. - CREATE TABLE PUBLIC.DATABASECHANGELOG (ID VARCHAR(255) NOT NULL, AUTHOR VARCHAR(255) NOT NULL, FILENAME VARCHAR(255) NOT NULL, DATEEXECUTED TIMESTAMP NOT NULL, ORDEREXECUTED INT NOT NULL, EXECTYPE VARCHAR(10) NOT NULL, MD5SUM VARCHAR(35), DESCRIPTION VARCHAR(255), COMMENTS VARCHAR(255), TAG VARCHAR(255), LIQUIBASE VARCHAR(20), CONTEXTS VARCHAR(255), LABELS VARCHAR(255), DEPLOYMENT_ID VARCHAR(10))
?[m?[37m[INFO] 17:13:25,599 [Test worker] jvm.JdbcExecutor. - SELECT COUNT(*) FROM PUBLIC.DATABASECHANGELOG
?[m?[37m[INFO] 17:13:25,602 [Test worker] changelog.StandardChangeLogHistoryService. - Reading from PUBLIC.DATABASECHANGELOG
?[m?[37m[INFO] 17:13:25,602 [Test worker] jvm.JdbcExecutor. - SELECT * FROM PUBLIC.DATABASECHANGELOG ORDER BY DATEEXECUTED ASC, ORDEREXECUTED ASC
?[m?[37m[INFO] 17:13:25,604 [Test worker] jvm.JdbcExecutor. - SELECT COUNT(*) FROM PUBLIC.DATABASECHANGELOGLOCK
?[m?[37m[INFO] 17:13:25,605 [Test worker] jvm.JdbcExecutor. - CREATE TABLE PUBLIC.DATABASECHANGELOGLOCK (ID INT NOT NULL, LOCKED BOOLEAN NOT NULL, LOCKGRANTED TIMESTAMP, LOCKEDBY VARCHAR(255), CONSTRAINT PK_DATABASECHANGELOGLOCK PRIMARY KEY (ID))
?[m?[37m[INFO] 17:13:25,613 [Test worker] jvm.JdbcExecutor. - SELECT COUNT(*) FROM PUBLIC.DATABASECHANGELOGLOCK
?[m?[37m[INFO] 17:13:25,613 [Test worker] jvm.JdbcExecutor. - DELETE FROM PUBLIC.DATABASECHANGELOGLOCK
?[m?[37m[INFO] 17:13:25,615 [Test worker] jvm.JdbcExecutor. - INSERT INTO PUBLIC.DATABASECHANGELOGLOCK (ID, LOCKED) VALUES (1, FALSE)
?[m?[37m[INFO] 17:13:25,651 [Test worker] visitor.ValidatingVisitor. - Skipping change set migration/vault-schema.changelog-pkey.xml::non-clustered_pk-11::R3.Corda due to validation error(s): clustered is not allowed on h2 {changeSet=migration/vault-schema.changelog-pkey.xml::non-clustered_pk-11::R3.Corda, databaseChangeLog=master.changelog.json}
?[m?[37m[INFO] 17:13:25,652 [Test worker] visitor.ValidatingVisitor. - Skipping change set migration/vault-schema.changelog-pkey.xml::non-clustered_pk-12::R3.Corda due to validation error(s): clustered is not allowed on h2 {changeSet=migration/vault-schema.changelog-pkey.xml::non-clustered_pk-12::R3.Corda, databaseChangeLog=master.changelog.json}
?[m?[37m[INFO] 17:13:25,652 [Test worker] visitor.ValidatingVisitor. - Skipping change set migration/vault-schema.changelog-pkey.xml::non-clustered_pk-13::R3.Corda due to validation error(s): clustered is not allowed on h2 {changeSet=migration/vault-schema.changelog-pkey.xml::non-clustered_pk-13::R3.Corda, databaseChangeLog=master.changelog.json}
?[m?[37m[INFO] 17:13:25,687 [Test worker] visitor.ValidatingVisitor. - Skipping change set migration/node-core.changelog-pkey.xml::non-clustered_pk-1::R3.Corda due to validation error(s): clustered is not allowed on h2 {changeSet=migration/node-core.changelog-pkey.xml::non-clustered_pk-1::R3.Corda, databaseChangeLog=master.changelog.json}
?[m?[37m[INFO] 17:13:25,687 [Test worker] visitor.ValidatingVisitor. - Skipping change set migration/node-core.changelog-pkey.xml::non-clustered_pk-2::R3.Corda due to validation error(s): clustered is not allowed on h2 {changeSet=migration/node-core.changelog-pkey.xml::non-clustered_pk-2::R3.Corda, databaseChangeLog=master.changelog.json}
?[m?[37m[INFO] 17:13:25,687 [Test worker] visitor.ValidatingVisitor. - Skipping change set migration/node-core.changelog-pkey.xml::non-clustered_pk-3::R3.Corda due to validation error(s): clustered is not allowed on h2 {changeSet=migration/node-core.changelog-pkey.xml::non-clustered_pk-3::R3.Corda, databaseChangeLog=master.changelog.json}
?[m?[37m[INFO] 17:13:25,688 [Test worker] visitor.ValidatingVisitor. - Skipping change set migration/node-core.changelog-pkey.xml::non-clustered_pk-4::R3.Corda due to validation error(s): clustered is not allowed on h2 {changeSet=migration/node-core.changelog-pkey.xml::non-clustered_pk-4::R3.Corda, databaseChangeLog=master.changelog.json}
?[m?[37m[INFO] 17:13:25,688 [Test worker] visitor.ValidatingVisitor. - Skipping change set migration/node-core.changelog-pkey.xml::non-clustered_pk-5::R3.Corda due to validation error(s): clustered is not allowed on h2 {changeSet=migration/node-core.changelog-pkey.xml::non-clustered_pk-5::R3.Corda, databaseChangeLog=master.changelog.json}
?[m?[37m[INFO] 17:13:25,689 [Test worker] visitor.ValidatingVisitor. - Skipping change set migration/node-core.changelog-pkey.xml::non-clustered_pk-6::R3.Corda due to validation error(s): clustered is not allowed on h2 {changeSet=migration/node-core.changelog-pkey.xml::non-clustered_pk-6::R3.Corda, databaseChangeLog=master.changelog.json}
?[m?[37m[INFO] 17:13:25,689 [Test worker] visitor.ValidatingVisitor. - Skipping change set migration/node-core.changelog-pkey.xml::non-clustered_pk-7::R3.Corda due to validation error(s): clustered is not allowed on h2 {changeSet=migration/node-core.changelog-pkey.xml::non-clustered_pk-7::R3.Corda, databaseChangeLog=master.changelog.json}
?[m?[37m[INFO] 17:13:25,702 [Test worker] visitor.ValidatingVisitor. - Skipping change set migration/node-notary.changelog-pkey.xml::non-clustered_pk-notary_state::R3.Corda due to validation error(s): clustered is not allowed on h2 {changeSet=migration/node-notary.changelog-pkey.xml::non-clustered_pk-notary_state::R3.Corda, databaseChangeLog=master.changelog.json}
?[m?[37m[INFO] 17:13:25,704 [Test worker] jvm.JdbcExecutor. - SELECT COUNT(*) FROM PUBLIC.DATABASECHANGELOGLOCK
?[m?[37m[INFO] 17:13:25,705 [Test worker] jvm.JdbcExecutor. - SELECT LOCKED FROM PUBLIC.DATABASECHANGELOGLOCK WHERE ID=1
?[m?[37m[INFO] 17:13:25,713 [Test worker] lockservice.StandardLockService. - Successfully acquired change log lock
?[m?[37m[INFO] 17:13:25,717 [Test worker] visitor.ValidatingVisitor. - Skipping change set migration/vault-schema.changelog-pkey.xml::non-clustered_pk-11::R3.Corda due to validation error(s): clustered is not allowed on h2 {changeSet=migration/vault-schema.changelog-pkey.xml::non-clustered_pk-11::R3.Corda, databaseChangeLog=master.changelog.json}
?[m?[37m[INFO] 17:13:25,717 [Test worker] visitor.ValidatingVisitor. - Skipping change set migration/vault-schema.changelog-pkey.xml::non-clustered_pk-12::R3.Corda due to validation error(s): clustered is not allowed on h2 {changeSet=migration/vault-schema.changelog-pkey.xml::non-clustered_pk-12::R3.Corda, databaseChangeLog=master.changelog.json}
?[m?[37m[INFO] 17:13:25,717 [Test worker] visitor.ValidatingVisitor. - Skipping change set migration/vault-schema.changelog-pkey.xml::non-clustered_pk-13::R3.Corda due to validation error(s): clustered is not allowed on h2 {changeSet=migration/vault-schema.changelog-pkey.xml::non-clustered_pk-13::R3.Corda, databaseChangeLog=master.changelog.json}
?[m?[37m[INFO] 17:13:25,725 [Test worker] visitor.ValidatingVisitor. - Skipping change set migration/node-core.changelog-pkey.xml::non-clustered_pk-1::R3.Corda due to validation error(s): clustered is not allowed on h2 {changeSet=migration/node-core.changelog-pkey.xml::non-clustered_pk-1::R3.Corda, databaseChangeLog=master.changelog.json}
?[m?[37m[INFO] 17:13:25,725 [Test worker] visitor.ValidatingVisitor. - Skipping change set migration/node-core.changelog-pkey.xml::non-clustered_pk-2::R3.Corda due to validation error(s): clustered is not allowed on h2 {changeSet=migration/node-core.changelog-pkey.xml::non-clustered_pk-2::R3.Corda, databaseChangeLog=master.changelog.json}
?[m?[37m[INFO] 17:13:25,725 [Test worker] visitor.ValidatingVisitor. - Skipping change set migration/node-core.changelog-pkey.xml::non-clustered_pk-3::R3.Corda due to validation error(s): clustered is not allowed on h2 {changeSet=migration/node-core.changelog-pkey.xml::non-clustered_pk-3::R3.Corda, databaseChangeLog=master.changelog.json}
?[m?[37m[INFO] 17:13:25,725 [Test worker] visitor.ValidatingVisitor. - Skipping change set migration/node-core.changelog-pkey.xml::non-clustered_pk-4::R3.Corda due to validation error(s): clustered is not allowed on h2 {changeSet=migration/node-core.changelog-pkey.xml::non-clustered_pk-4::R3.Corda, databaseChangeLog=master.changelog.json}
?[m?[37m[INFO] 17:13:25,725 [Test worker] visitor.ValidatingVisitor. - Skipping change set migration/node-core.changelog-pkey.xml::non-clustered_pk-5::R3.Corda due to validation error(s): clustered is not allowed on h2 {changeSet=migration/node-core.changelog-pkey.xml::non-clustered_pk-5::R3.Corda, databaseChangeLog=master.changelog.json}
?[m?[37m[INFO] 17:13:25,725 [Test worker] visitor.ValidatingVisitor. - Skipping change set migration/node-core.changelog-pkey.xml::non-clustered_pk-6::R3.Corda due to validation error(s): clustered is not allowed on h2 {changeSet=migration/node-core.changelog-pkey.xml::non-clustered_pk-6::R3.Corda, databaseChangeLog=master.changelog.json}
?[m?[37m[INFO] 17:13:25,726 [Test worker] visitor.ValidatingVisitor. - Skipping change set migration/node-core.changelog-pkey.xml::non-clustered_pk-7::R3.Corda due to validation error(s): clustered is not allowed on h2 {changeSet=migration/node-core.changelog-pkey.xml::non-clustered_pk-7::R3.Corda, databaseChangeLog=master.changelog.json}
?[m?[37m[INFO] 17:13:25,728 [Test worker] visitor.ValidatingVisitor. - Skipping change set migration/node-notary.changelog-pkey.xml::non-clustered_pk-notary_state::R3.Corda due to validation error(s): clustered is not allowed on h2 {changeSet=migration/node-notary.changelog-pkey.xml::non-clustered_pk-notary_state::R3.Corda, databaseChangeLog=master.changelog.json}
?[m?[37m[INFO] 17:13:25,730 [Test worker] jvm.JdbcExecutor. - SELECT SEQUENCE_NAME FROM INFORMATION_SCHEMA.SEQUENCES WHERE SEQUENCE_SCHEMA = 'null' AND IS_GENERATED=FALSE {changeSet=migration/common.changelog-init.xml::1511451595465-1.1::R3.Corda, databaseChangeLog=master.changelog.json}
?[m?[37m[INFO] 17:13:25,733 [Test worker] jvm.JdbcExecutor. - SELECT SEQUENCE_NAME FROM INFORMATION_SCHEMA.SEQUENCES WHERE SEQUENCE_SCHEMA = 'PUBLIC' AND IS_GENERATED=FALSE {changeSet=migration/common.changelog-init.xml::1511451595465-1.1::R3.Corda, databaseChangeLog=master.changelog.json}
?[m?[37m[INFO] 17:13:25,734 [Test worker] jvm.JdbcExecutor. - CREATE SEQUENCE PUBLIC.hibernate_sequence {changeSet=migration/common.changelog-init.xml::1511451595465-1.1::R3.Corda, databaseChangeLog=master.changelog.json}
?[m?[37m[INFO] 17:13:25,736 [Test worker] changelog.ChangeSet. - Sequence hibernate_sequence created {changeSet=migration/common.changelog-init.xml::1511451595465-1.1::R3.Corda, databaseChangeLog=master.changelog.json}
?[m?[37m[INFO] 17:13:25,736 [Test worker] changelog.ChangeSet. - ChangeSet migration/common.changelog-init.xml::1511451595465-1.1::R3.Corda ran successfully in 6ms {changeSet=migration/common.changelog-init.xml::1511451595465-1.1::R3.Corda, databaseChangeLog=master.changelog.json}
?[m?[37m[INFO] 17:13:25,737 [Test worker] jvm.JdbcExecutor. - SELECT MAX(ORDEREXECUTED) FROM PUBLIC.DATABASECHANGELOG {changeSet=migration/common.changelog-init.xml::1511451595465-1.1::R3.Corda, databaseChangeLog=master.changelog.json}
?[m?[37m[INFO] 17:13:25,747 [Test worker] jvm.JdbcExecutor. - INSERT INTO PUBLIC.DATABASECHANGELOG (ID, AUTHOR, FILENAME, DATEEXECUTED, ORDEREXECUTED, MD5SUM, DESCRIPTION, COMMENTS, EXECTYPE, CONTEXTS, LABELS, LIQUIBASE, DEPLOYMENT_ID) VALUES ('1511451595465-1.1', 'R3.Corda', 'migration/common.changelog-init.xml', NOW(), 1, '8:9df4ee4464a4a10dfcf2717c73a52620', 'createSequence sequenceName=hibernate_sequence', '', 'EXECUTED', NULL, NULL, '3.6.3', '4052005713') {changeSet=migration/common.changelog-init.xml::1511451595465-1.1::R3.Corda, databaseChangeLog=master.changelog.json}
?[m?[37m[INFO] 17:13:25,749 [Test worker] jvm.JdbcExecutor. - CREATE TABLE PUBLIC.vault_fungible_states (output_index INT NOT NULL, transaction_id NVARCHAR(64) NOT NULL, issuer_name NVARCHAR(255), issuer_ref VARBINARY(512), owner_name NVARCHAR(255), quantity BIGINT) {changeSet=migration/vault-schema.changelog-init.xml::1511451595465-22::R3.Corda, databaseChangeLog=master.changelog.json}
?[m?[37m[INFO] 17:13:25,750 [Test worker] changelog.ChangeSet. - Table vault_fungible_states created {changeSet=migration/vault-schema.changelog-init.xml::1511451595465-22::R3.Corda, databaseChangeLog=master.changelog.json}
?[m?[37m[INFO] 17:13:25,750 [Test worker] changelog.ChangeSet. - ChangeSet migration/vault-schema.changelog-init.xml::1511451595465-22::R3.Corda ran successfully in 1ms {changeSet=migration/vault-schema.changelog-init.xml::1511451595465-22::R3.Corda, databaseChangeLog=master.changelog.json}
?[m?[37m[INFO] 17:13:25,751 [Test worker] jvm.JdbcExecutor. - INSERT INTO PUBLIC.DATABASECHANGELOG (ID, AUTHOR, FILENAME, DATEEXECUTED, ORDEREXECUTED, MD5SUM, DESCRIPTION, COMMENTS, EXECTYPE, CONTEXTS, LABELS, LIQUIBASE, DEPLOYMENT_ID) VALUES ('1511451595465-22', 'R3.Corda', 'migration/vault-schema.changelog-init.xml', NOW(), 2, '8:4ae481f11ac84744a4392bbfd533fa75', 'createTable tableName=vault_fungible_states', '', 'EXECUTED', NULL, NULL, '3.6.3', '4052005713') {changeSet=migration/vault-schema.changelog-init.xml::1511451595465-22::R3.Corda, databaseChangeLog=master.changelog.json}
?[m?[37m[INFO] 17:13:25,752 [Test worker] jvm.JdbcExecutor. - CREATE TABLE PUBLIC.vault_fungible_states_parts (output_index INT NOT NULL, transaction_id NVARCHAR(64) NOT NULL, participants NVARCHAR(255)) {changeSet=migration/vault-schema.changelog-init.xml::1511451595465-23::R3.Corda, databaseChangeLog=master.changelog.json}
?[m?[37m[INFO] 17:13:25,753 [Test worker] changelog.ChangeSet. - Table vault_fungible_states_parts created {changeSet=migration/vault-schema.changelog-init.xml::1511451595465-23::R3.Corda, databaseChangeLog=master.changelog.json}
?[m?[37m[INFO] 17:13:25,753 [Test worker] changelog.ChangeSet. - ChangeSet migration/vault-schema.changelog-init.xml::1511451595465-23::R3.Corda ran successfully in 1ms {changeSet=migration/vault-schema.changelog-init.xml::1511451595465-23::R3.Corda, databaseChangeLog=master.changelog.json}
?[m?[37m[INFO] 17:13:25,754 [Test worker] jvm.JdbcExecutor. - INSERT INTO PUBLIC.DATABASECHANGELOG (ID, AUTHOR, FILENAME, DATEEXECUTED, ORDEREXECUTED, MD5SUM, DESCRIPTION, COMMENTS, EXECTYPE, CONTEXTS, LABELS, LIQUIBASE, DEPLOYMENT_ID) VALUES ('1511451595465-23', 'R3.Corda', 'migration/vault-schema.changelog-init.xml', NOW(), 3, '8:3222255d3b2e04b9dfad42d9acab103e', 'createTable tableName=vault_fungible_states_parts', '', 'EXECUTED', NULL, NULL, '3.6.3', '4052005713') {changeSet=migration/vault-schema.changelog-init.xml::1511451595465-23::R3.Corda, databaseChangeLog=master.changelog.json}
?[m?[37m[INFO] 17:13:25,755 [Test worker] jvm.JdbcExecutor. - CREATE TABLE PUBLIC.vault_linear_states (output_index INT NOT NULL, transaction_id NVARCHAR(64) NOT NULL, external_id NVARCHAR(255), uuid VARCHAR(255) NOT NULL) {changeSet=migration/vault-schema.changelog-init.xml::1511451595465-24::R3.Corda, databaseChangeLog=master.changelog.json}
?[m?[37m[INFO] 17:13:25,755 [Test worker] changelog.ChangeSet. - Table vault_linear_states created {changeSet=migration/vault-schema.changelog-init.xml::1511451595465-24::R3.Corda, databaseChangeLog=master.changelog.json}
?[m?[37m[INFO] 17:13:25,755 [Test worker] changelog.ChangeSet. - ChangeSet migration/vault-schema.changelog-init.xml::1511451595465-24::R3.Corda ran successfully in 1ms {changeSet=migration/vault-schema.changelog-init.xml::1511451595465-24::R3.Corda, databaseChangeLog=master.changelog.json}
?[m?[37m[INFO] 17:13:25,756 [Test worker] jvm.JdbcExecutor. - INSERT INTO PUBLIC.DATABASECHANGELOG (ID, AUTHOR, FILENAME, DATEEXECUTED, ORDEREXECUTED, MD5SUM, DESCRIPTION, COMMENTS, EXECTYPE, CONTEXTS, LABELS, LIQUIBASE, DEPLOYMENT_ID) VALUES ('1511451595465-24', 'R3.Corda', 'migration/vault-schema.changelog-init.xml', NOW(), 4, '8:fb2c5b52213239424320d137dc22059b', 'createTable tableName=vault_linear_states', '', 'EXECUTED', NULL, NULL, '3.6.3', '4052005713') {changeSet=migration/vault-schema.changelog-init.xml::1511451595465-24::R3.Corda, databaseChangeLog=master.changelog.json}
?[m?[37m[INFO] 17:13:25,757 [Test worker] jvm.JdbcExecutor. - CREATE TABLE PUBLIC.vault_linear_states_parts (output_index INT NOT NULL, transaction_id NVARCHAR(64) NOT NULL, participants NVARCHAR(255)) {changeSet=migration/vault-schema.changelog-init.xml::1511451595465-25::R3.Corda, databaseChangeLog=master.changelog.json}
?[m?[37m[INFO] 17:13:25,757 [Test worker] changelog.ChangeSet. - Table vault_linear_states_parts created {changeSet=migration/vault-schema.changelog-init.xml::1511451595465-25::R3.Corda, databaseChangeLog=master.changelog.json}
?[m?[37m[INFO] 17:13:25,757 [Test worker] changelog.ChangeSet. - ChangeSet migration/vault-schema.changelog-init.xml::1511451595465-25::R3.Corda ran successfully in 1ms {changeSet=migration/vault-schema.changelog-init.xml::1511451595465-25::R3.Corda, databaseChangeLog=master.changelog.json}
?[m?[37m[INFO] 17:13:25,758 [Test worker] jvm.JdbcExecutor. - INSERT INTO PUBLIC.DATABASECHANGELOG (ID, AUTHOR, FILENAME, DATEEXECUTED, ORDEREXECUTED, MD5SUM, DESCRIPTION, COMMENTS, EXECTYPE, CONTEXTS, LABELS, LIQUIBASE, DEPLOYMENT_ID) VALUES ('1511451595465-25', 'R3.Corda', 'migration/vault-schema.changelog-init.xml', NOW(), 5, '8:ccb2ca1b37c0eeb2ac12506f17bc8ee0', 'createTable tableName=vault_linear_states_parts', '', 'EXECUTED', NULL, NULL, '3.6.3', '4052005713') {changeSet=migration/vault-schema.changelog-init.xml::1511451595465-25::R3.Corda, databaseChangeLog=master.changelog.json}
?[m?[37m[INFO] 17:13:25,759 [Test worker] jvm.JdbcExecutor. - CREATE TABLE PUBLIC.vault_states (output_index INT NOT NULL, transaction_id NVARCHAR(64) NOT NULL, consumed_timestamp TIMESTAMP, contract_state_class_name NVARCHAR(255), lock_id NVARCHAR(255), lock_timestamp TIMESTAMP, notary_name NVARCHAR(255), recorded_timestamp TIMESTAMP, state_status INT) {changeSet=migration/vault-schema.changelog-init.xml::1511451595465-26::R3.Corda, databaseChangeLog=master.changelog.json}
?[m?[37m[INFO] 17:13:25,760 [Test worker] changelog.ChangeSet. - Table vault_states created {changeSet=migration/vault-schema.changelog-init.xml::1511451595465-26::R3.Corda, databaseChangeLog=master.changelog.json}
?[m?[37m[INFO] 17:13:25,760 [Test worker] changelog.ChangeSet. - ChangeSet migration/vault-schema.changelog-init.xml::1511451595465-26::R3.Corda ran successfully in 1ms {changeSet=migration/vault-schema.changelog-init.xml::1511451595465-26::R3.Corda, databaseChangeLog=master.changelog.json}
?[m?[37m[INFO] 17:13:25,761 [Test worker] jvm.JdbcExecutor. - INSERT INTO PUBLIC.DATABASECHANGELOG (ID, AUTHOR, FILENAME, DATEEXECUTED, ORDEREXECUTED, MD5SUM, DESCRIPTION, COMMENTS, EXECTYPE, CONTEXTS, LABELS, LIQUIBASE, DEPLOYMENT_ID) VALUES ('1511451595465-26', 'R3.Corda', 'migration/vault-schema.changelog-init.xml', NOW(), 6, '8:971edadc2af9e847ed490f418530d40b', 'createTable tableName=vault_states', '', 'EXECUTED', NULL, NULL, '3.6.3', '4052005713') {changeSet=migration/vault-schema.changelog-init.xml::1511451595465-26::R3.Corda, databaseChangeLog=master.changelog.json}
?[m?[37m[INFO] 17:13:25,761 [Test worker] jvm.JdbcExecutor. - CREATE TABLE PUBLIC.vault_transaction_notes (seq_no INT NOT NULL, note NVARCHAR(255), transaction_id NVARCHAR(64)) {changeSet=migration/vault-schema.changelog-init.xml::1511451595465-27::R3.Corda, databaseChangeLog=master.changelog.json}
?[m?[37m[INFO] 17:13:25,762 [Test worker] changelog.ChangeSet. - Table vault_transaction_notes created {changeSet=migration/vault-schema.changelog-init.xml::1511451595465-27::R3.Corda, databaseChangeLog=master.changelog.json}
?[m?[37m[INFO] 17:13:25,762 [Test worker] changelog.ChangeSet. - ChangeSet migration/vault-schema.changelog-init.xml::1511451595465-27::R3.Corda ran successfully in 1ms {changeSet=migration/vault-schema.changelog-init.xml::1511451595465-27::R3.Corda, databaseChangeLog=master.changelog.json}
?[m?[37m[INFO] 17:13:25,762 [Test worker] jvm.JdbcExecutor. - INSERT INTO PUBLIC.DATABASECHANGELOG (ID, AUTHOR, FILENAME, DATEEXECUTED, ORDEREXECUTED, MD5SUM, DESCRIPTION, COMMENTS, EXECTYPE, CONTEXTS, LABELS, LIQUIBASE, DEPLOYMENT_ID) VALUES ('1511451595465-27', 'R3.Corda', 'migration/vault-schema.changelog-init.xml', NOW(), 7, '8:7a8064e58d100a02ed56e538122296e4', 'createTable tableName=vault_transaction_notes', '', 'EXECUTED', NULL, NULL, '3.6.3', '4052005713') {changeSet=migration/vault-schema.changelog-init.xml::1511451595465-27::R3.Corda, databaseChangeLog=master.changelog.json}
?[m?[37m[INFO] 17:13:25,763 [Test worker] jvm.JdbcExecutor. - ALTER TABLE PUBLIC.vault_fungible_states ADD CONSTRAINT vault_fungible_states_pkey PRIMARY KEY (output_index, transaction_id) {changeSet=migration/vault-schema.changelog-init.xml::1511451595465-47::R3.Corda, databaseChangeLog=master.changelog.json}
?[m?[37m[INFO] 17:13:25,765 [Test worker] changelog.ChangeSet. - Primary key added to vault_fungible_states (output_index, transaction_id) {changeSet=migration/vault-schema.changelog-init.xml::1511451595465-47::R3.Corda, databaseChangeLog=master.changelog.json}
?[m?[37m[INFO] 17:13:25,765 [Test worker] changelog.ChangeSet. - ChangeSet migration/vault-schema.changelog-init.xml::1511451595465-47::R3.Corda ran successfully in 2ms {changeSet=migration/vault-schema.changelog-init.xml::1511451595465-47::R3.Corda, databaseChangeLog=master.changelog.json}
?[m?[37m[INFO] 17:13:25,766 [Test worker] jvm.JdbcExecutor. - INSERT INTO PUBLIC.DATABASECHANGELOG (ID, AUTHOR, FILENAME, DATEEXECUTED, ORDEREXECUTED, MD5SUM, DESCRIPTION, COMMENTS, EXECTYPE, CONTEXTS, LABELS, LIQUIBASE, DEPLOYMENT_ID) VALUES ('1511451595465-47', 'R3.Corda', 'migration/vault-schema.changelog-init.xml', NOW(), 8, '8:4eddd48de14b69bdd265a4b0c438f070', 'addPrimaryKey constraintName=vault_fungible_states_pkey, tableName=vault_fungible_states', '', 'EXECUTED', NULL, NULL, '3.6.3', '4052005713') {changeSet=migration/vault-schema.changelog-init.xml::1511451595465-47::R3.Corda, databaseChangeLog=master.changelog.json}
?[m?[37m[INFO] 17:13:25,767 [Test worker] jvm.JdbcExecutor. - ALTER TABLE PUBLIC.vault_linear_states ADD CONSTRAINT vault_linear_states_pkey PRIMARY KEY (output_index, transaction_id) {changeSet=migration/vault-schema.changelog-init.xml::1511451595465-48::R3.Corda, databaseChangeLog=master.changelog.json}
?[m?[37m[INFO] 17:13:25,767 [Test worker] changelog.ChangeSet. - Primary key added to vault_linear_states (output_index, transaction_id) {changeSet=migration/vault-schema.changelog-init.xml::1511451595465-48::R3.Corda, databaseChangeLog=master.changelog.json}
?[m?[37m[INFO] 17:13:25,767 [Test worker] changelog.ChangeSet. - ChangeSet migration/vault-schema.changelog-init.xml::1511451595465-48::R3.Corda ran successfully in 1ms {changeSet=migration/vault-schema.changelog-init.xml::1511451595465-48::R3.Corda, databaseChangeLog=master.changelog.json}
?[m?[37m[INFO] 17:13:25,768 [Test worker] jvm.JdbcExecutor. - INSERT INTO PUBLIC.DATABASECHANGELOG (ID, AUTHOR, FILENAME, DATEEXECUTED, ORDEREXECUTED, MD5SUM, DESCRIPTION, COMMENTS, EXECTYPE, CONTEXTS, LABELS, LIQUIBASE, DEPLOYMENT_ID) VALUES ('1511451595465-48', 'R3.Corda', 'migration/vault-schema.changelog-init.xml', NOW(), 9, '8:3695c44ddebef2dde359dec253a5969a', 'addPrimaryKey constraintName=vault_linear_states_pkey, tableName=vault_linear_states', '', 'EXECUTED', NULL, NULL, '3.6.3', '4052005713') {changeSet=migration/vault-schema.changelog-init.xml::1511451595465-48::R3.Corda, databaseChangeLog=master.changelog.json}
?[m?[37m[INFO] 17:13:25,769 [Test worker] jvm.JdbcExecutor. - ALTER TABLE PUBLIC.vault_states ADD CONSTRAINT vault_states_pkey PRIMARY KEY (output_index, transaction_id) {changeSet=migration/vault-schema.changelog-init.xml::1511451595465-49::R3.Corda, databaseChangeLog=master.changelog.json}
?[m?[37m[INFO] 17:13:25,769 [Test worker] changelog.ChangeSet. - Primary key added to vault_states (output_index, transaction_id) {changeSet=migration/vault-schema.changelog-init.xml::1511451595465-49::R3.Corda, databaseChangeLog=master.changelog.json}
?[m?[37m[INFO] 17:13:25,770 [Test worker] changelog.ChangeSet. - ChangeSet migration/vault-schema.changelog-init.xml::1511451595465-49::R3.Corda ran successfully in 1ms {changeSet=migration/vault-schema.changelog-init.xml::1511451595465-49::R3.Corda, databaseChangeLog=master.changelog.json}
?[m?[37m[INFO] 17:13:25,770 [Test worker] jvm.JdbcExecutor. - INSERT INTO PUBLIC.DATABASECHANGELOG (ID, AUTHOR, FILENAME, DATEEXECUTED, ORDEREXECUTED, MD5SUM, DESCRIPTION, COMMENTS, EXECTYPE, CONTEXTS, LABELS, LIQUIBASE, DEPLOYMENT_ID) VALUES ('1511451595465-49', 'R3.Corda', 'migration/vault-schema.changelog-init.xml', NOW(), 10, '8:5d21dc3c09051ea30475250d25178892', 'addPrimaryKey constraintName=vault_states_pkey, tableName=vault_states', '', 'EXECUTED', NULL, NULL, '3.6.3', '4052005713') {changeSet=migration/vault-schema.changelog-init.xml::1511451595465-49::R3.Corda, databaseChangeLog=master.changelog.json}
?[m?[37m[INFO] 17:13:25,771 [Test worker] jvm.JdbcExecutor. - ALTER TABLE PUBLIC.vault_transaction_notes ADD CONSTRAINT vault_transaction_notes_pkey PRIMARY KEY (seq_no) {changeSet=migration/vault-schema.changelog-init.xml::1511451595465-50::R3.Corda, databaseChangeLog=master.changelog.json}
?[m?[37m[INFO] 17:13:25,771 [Test worker] changelog.ChangeSet. - Primary key added to vault_transaction_notes (seq_no) {changeSet=migration/vault-schema.changelog-init.xml::1511451595465-50::R3.Corda, databaseChangeLog=master.changelog.json}
?[m?[37m[INFO] 17:13:25,771 [Test worker] changelog.ChangeSet. - ChangeSet migration/vault-schema.changelog-init.xml::1511451595465-50::R3.Corda ran successfully in 0ms {changeSet=migration/vault-schema.changelog-init.xml::1511451595465-50::R3.Corda, databaseChangeLog=master.changelog.json}
?[m?[37m[INFO] 17:13:25,772 [Test worker] jvm.JdbcExecutor. - INSERT INTO PUBLIC.DATABASECHANGELOG (ID, AUTHOR, FILENAME, DATEEXECUTED, ORDEREXECUTED, MD5SUM, DESCRIPTION, COMMENTS, EXECTYPE, CONTEXTS, LABELS, LIQUIBASE, DEPLOYMENT_ID) VALUES ('1511451595465-50', 'R3.Corda', 'migration/vault-schema.changelog-init.xml', NOW(), 11, '8:2bf545e5d7593a3456708426c3686ebb', 'addPrimaryKey constraintName=vault_transaction_notes_pkey, tableName=vault_transaction_notes', '', 'EXECUTED', NULL, NULL, '3.6.3', '4052005713') {changeSet=migration/vault-schema.changelog-init.xml::1511451595465-50::R3.Corda, databaseChangeLog=master.changelog.json}
?[m?[37m[INFO] 17:13:25,773 [Test worker] jvm.JdbcExecutor. - CREATE INDEX PUBLIC.external_id_index ON PUBLIC.vault_linear_states(external_id) {changeSet=migration/vault-schema.changelog-init.xml::1511451595465-53::R3.Corda, databaseChangeLog=master.changelog.json}
?[m?[37m[INFO] 17:13:25,774 [Test worker] changelog.ChangeSet. - Index external_id_index created {changeSet=migration/vault-schema.changelog-init.xml::1511451595465-53::R3.Corda, databaseChangeLog=master.changelog.json}
?[m?[37m[INFO] 17:13:25,775 [Test worker] changelog.ChangeSet. - ChangeSet migration/vault-schema.changelog-init.xml::1511451595465-53::R3.Corda ran successfully in 2ms {changeSet=migration/vault-schema.changelog-init.xml::1511451595465-53::R3.Corda, databaseChangeLog=master.changelog.json}
?[m?[37m[INFO] 17:13:25,775 [Test worker] jvm.JdbcExecutor. - INSERT INTO PUBLIC.DATABASECHANGELOG (ID, AUTHOR, FILENAME, DATEEXECUTED, ORDEREXECUTED, MD5SUM, DESCRIPTION, COMMENTS, EXECTYPE, CONTEXTS, LABELS, LIQUIBASE, DEPLOYMENT_ID) VALUES ('1511451595465-53', 'R3.Corda', 'migration/vault-schema.changelog-init.xml', NOW(), 12, '8:b1272090dcd2325b0382f829ce13a1ff', 'createIndex indexName=external_id_index, tableName=vault_linear_states', '', 'EXECUTED', NULL, NULL, '3.6.3', '4052005713') {changeSet=migration/vault-schema.changelog-init.xml::1511451595465-53::R3.Corda, databaseChangeLog=master.changelog.json}
?[m?[37m[INFO] 17:13:25,776 [Test worker] jvm.JdbcExecutor. - CREATE INDEX PUBLIC.lock_id_idx ON PUBLIC.vault_states(lock_id, state_status) {changeSet=migration/vault-schema.changelog-init.xml::1511451595465-55::R3.Corda, databaseChangeLog=master.changelog.json}
?[m?[37m[INFO] 17:13:25,777 [Test worker] changelog.ChangeSet. - Index lock_id_idx created {changeSet=migration/vault-schema.changelog-init.xml::1511451595465-55::R3.Corda, databaseChangeLog=master.changelog.json}
?[m?[37m[INFO] 17:13:25,777 [Test worker] changelog.ChangeSet. - ChangeSet migration/vault-schema.changelog-init.xml::1511451595465-55::R3.Corda ran successfully in 1ms {changeSet=migration/vault-schema.changelog-init.xml::1511451595465-55::R3.Corda, databaseChangeLog=master.changelog.json}
?[m?[37m[INFO] 17:13:25,777 [Test worker] jvm.JdbcExecutor. - INSERT INTO PUBLIC.DATABASECHANGELOG (ID, AUTHOR, FILENAME, DATEEXECUTED, ORDEREXECUTED, MD5SUM, DESCRIPTION, COMMENTS, EXECTYPE, CONTEXTS, LABELS, LIQUIBASE, DEPLOYMENT_ID) VALUES ('1511451595465-55', 'R3.Corda', 'migration/vault-schema.changelog-init.xml', NOW(), 13, '8:0b77fbedaccc2eed4b8efd6fddf6581b', 'createIndex indexName=lock_id_idx, tableName=vault_states', '', 'EXECUTED', NULL, NULL, '3.6.3', '4052005713') {changeSet=migration/vault-schema.changelog-init.xml::1511451595465-55::R3.Corda, databaseChangeLog=master.changelog.json}
?[m?[37m[INFO] 17:13:25,778 [Test worker] jvm.JdbcExecutor. - CREATE INDEX PUBLIC.state_status_idx ON PUBLIC.vault_states(state_status) {changeSet=migration/vault-schema.changelog-init.xml::1511451595465-58::R3.Corda, databaseChangeLog=master.changelog.json}
?[m?[37m[INFO] 17:13:25,779 [Test worker] changelog.ChangeSet. - Index state_status_idx created {changeSet=migration/vault-schema.changelog-init.xml::1511451595465-58::R3.Corda, databaseChangeLog=master.changelog.json}
?[m?[37m[INFO] 17:13:25,779 [Test worker] changelog.ChangeSet. - ChangeSet migration/vault-schema.changelog-init.xml::1511451595465-58::R3.Corda ran successfully in 1ms {changeSet=migration/vault-schema.changelog-init.xml::1511451595465-58::R3.Corda, databaseChangeLog=master.changelog.json}
?[m?[37m[INFO] 17:13:25,779 [Test worker] jvm.JdbcExecutor. - INSERT INTO PUBLIC.DATABASECHANGELOG (ID, AUTHOR, FILENAME, DATEEXECUTED, ORDEREXECUTED, MD5SUM, DESCRIPTION, COMMENTS, EXECTYPE, CONTEXTS, LABELS, LIQUIBASE, DEPLOYMENT_ID) VALUES ('1511451595465-58', 'R3.Corda', 'migration/vault-schema.changelog-init.xml', NOW(), 14, '8:7a1bbb20835907728df143e4cc1bfc04', 'createIndex indexName=state_status_idx, tableName=vault_states', '', 'EXECUTED', NULL, NULL, '3.6.3', '4052005713') {changeSet=migration/vault-schema.changelog-init.xml::1511451595465-58::R3.Corda, databaseChangeLog=master.changelog.json}
?[m?[37m[INFO] 17:13:25,780 [Test worker] jvm.JdbcExecutor. - CREATE INDEX PUBLIC.transaction_id_index ON PUBLIC.vault_transaction_notes(transaction_id) {changeSet=migration/vault-schema.changelog-init.xml::1511451595465-59::R3.Corda, databaseChangeLog=master.changelog.json}
?[m?[37m[INFO] 17:13:25,781 [Test worker] changelog.ChangeSet. - Index transaction_id_index created {changeSet=migration/vault-schema.changelog-init.xml::1511451595465-59::R3.Corda, databaseChangeLog=master.changelog.json}
?[m?[37m[INFO] 17:13:25,781 [Test worker] changelog.ChangeSet. - ChangeSet migration/vault-schema.changelog-init.xml::1511451595465-59::R3.Corda ran successfully in 1ms {changeSet=migration/vault-schema.changelog-init.xml::1511451595465-59::R3.Corda, databaseChangeLog=master.changelog.json}
?[m?[37m[INFO] 17:13:25,781 [Test worker] jvm.JdbcExecutor. - INSERT INTO PUBLIC.DATABASECHANGELOG (ID, AUTHOR, FILENAME, DATEEXECUTED, ORDEREXECUTED, MD5SUM, DESCRIPTION, COMMENTS, EXECTYPE, CONTEXTS, LABELS, LIQUIBASE, DEPLOYMENT_ID) VALUES ('1511451595465-59', 'R3.Corda', 'migration/vault-schema.changelog-init.xml', NOW(), 15, '8:2bfe64cedfc8120dc219d42dc19d49f6', 'createIndex indexName=transaction_id_index, tableName=vault_transaction_notes', '', 'EXECUTED', NULL, NULL, '3.6.3', '4052005713') {changeSet=migration/vault-schema.changelog-init.xml::1511451595465-59::R3.Corda, databaseChangeLog=master.changelog.json}
?[m?[37m[INFO] 17:13:25,782 [Test worker] jvm.JdbcExecutor. - CREATE INDEX PUBLIC.uuid_index ON PUBLIC.vault_linear_states(uuid) {changeSet=migration/vault-schema.changelog-init.xml::1511451595465-60::R3.Corda, databaseChangeLog=master.changelog.json}
?[m?[37m[INFO] 17:13:25,783 [Test worker] changelog.ChangeSet. - Index uuid_index created {changeSet=migration/vault-schema.changelog-init.xml::1511451595465-60::R3.Corda, databaseChangeLog=master.changelog.json}
?[m?[37m[INFO] 17:13:25,783 [Test worker] changelog.ChangeSet. - ChangeSet migration/vault-schema.changelog-init.xml::1511451595465-60::R3.Corda ran successfully in 1ms {changeSet=migration/vault-schema.changelog-init.xml::1511451595465-60::R3.Corda, databaseChangeLog=master.changelog.json}
?[m?[37m[INFO] 17:13:25,783 [Test worker] jvm.JdbcExecutor. - INSERT INTO PUBLIC.DATABASECHANGELOG (ID, AUTHOR, FILENAME, DATEEXECUTED, ORDEREXECUTED, MD5SUM, DESCRIPTION, COMMENTS, EXECTYPE, CONTEXTS, LABELS, LIQUIBASE, DEPLOYMENT_ID) VALUES ('1511451595465-60', 'R3.Corda', 'migration/vault-schema.changelog-init.xml', NOW(), 16, '8:4cffb289ce33d922274cc829175a2a55', 'createIndex indexName=uuid_index, tableName=vault_linear_states', '', 'EXECUTED', NULL, NULL, '3.6.3', '4052005713') {changeSet=migration/vault-schema.changelog-init.xml::1511451595465-60::R3.Corda, databaseChangeLog=master.changelog.json}
?[m?[37m[INFO] 17:13:25,785 [Test worker] jvm.JdbcExecutor. - ALTER TABLE PUBLIC.vault_fungible_states_parts ADD CONSTRAINT FK__fung_st_parts__fung_st FOREIGN KEY (output_index, transaction_id) REFERENCES PUBLIC.vault_fungible_states (output_index, transaction_id) {changeSet=migration/vault-schema.changelog-init.xml::1511451595465-64::R3.Corda, databaseChangeLog=master.changelog.json}
?[m?[37m[INFO] 17:13:25,789 [Test worker] changelog.ChangeSet. - Foreign key constraint added to vault_fungible_states_parts (output_index,transaction_id) {changeSet=migration/vault-schema.changelog-init.xml::1511451595465-64::R3.Corda, databaseChangeLog=master.changelog.json}
?[m?[37m[INFO] 17:13:25,789 [Test worker] changelog.ChangeSet. - ChangeSet migration/vault-schema.changelog-init.xml::1511451595465-64::R3.Corda ran successfully in 5ms {changeSet=migration/vault-schema.changelog-init.xml::1511451595465-64::R3.Corda, databaseChangeLog=master.changelog.json}
?[m?[37m[INFO] 17:13:25,789 [Test worker] jvm.JdbcExecutor. - INSERT INTO PUBLIC.DATABASECHANGELOG (ID, AUTHOR, FILENAME, DATEEXECUTED, ORDEREXECUTED, MD5SUM, DESCRIPTION, COMMENTS, EXECTYPE, CONTEXTS, LABELS, LIQUIBASE, DEPLOYMENT_ID) VALUES ('1511451595465-64', 'R3.Corda', 'migration/vault-schema.changelog-init.xml', NOW(), 17, '8:1bde72346badbbe52e74b189ce1d079c', 'addForeignKeyConstraint baseTableName=vault_fungible_states_parts, constraintName=FK__fung_st_parts__fung_st, referencedTableName=vault_fungible_states', '', 'EXECUTED', NULL, NULL, '3.6.3', '4052005713') {changeSet=migration/vault-schema.changelog-init.xml::1511451595465-64::R3.Corda, databaseChangeLog=master.changelog.json}
?[m?[37m[INFO] 17:13:25,791 [Test worker] jvm.JdbcExecutor. - ALTER TABLE PUBLIC.vault_linear_states_parts ADD CONSTRAINT FK__lin_stat_parts__lin_stat FOREIGN KEY (output_index, transaction_id) REFERENCES PUBLIC.vault_linear_states (output_index, transaction_id) {changeSet=migration/vault-schema.changelog-init.xml::1511451595465-65::R3.Corda, databaseChangeLog=master.changelog.json}
?[m?[37m[INFO] 17:13:25,796 [Test worker] changelog.ChangeSet. - Foreign key constraint added to vault_linear_states_parts (output_index,transaction_id) {changeSet=migration/vault-schema.changelog-init.xml::1511451595465-65::R3.Corda, databaseChangeLog=master.changelog.json}
?[m?[37m[INFO] 17:13:25,796 [Test worker] changelog.ChangeSet. - ChangeSet migration/vault-schema.changelog-init.xml::1511451595465-65::R3.Corda ran successfully in 6ms {changeSet=migration/vault-schema.changelog-init.xml::1511451595465-65::R3.Corda, databaseChangeLog=master.changelog.json}
?[m?[37m[INFO] 17:13:25,796 [Test worker] jvm.JdbcExecutor. - INSERT INTO PUBLIC.DATABASECHANGELOG (ID, AUTHOR, FILENAME, DATEEXECUTED, ORDEREXECUTED, MD5SUM, DESCRIPTION, COMMENTS, EXECTYPE, CONTEXTS, LABELS, LIQUIBASE, DEPLOYMENT_ID) VALUES ('1511451595465-65', 'R3.Corda', 'migration/vault-schema.changelog-init.xml', NOW(), 18, '8:9a5d0106c45f631cb60a3e2f9542d2c2', 'addForeignKeyConstraint baseTableName=vault_linear_states_parts, constraintName=FK__lin_stat_parts__lin_stat, referencedTableName=vault_linear_states', '', 'EXECUTED', NULL, NULL, '3.6.3', '4052005713') {changeSet=migration/vault-schema.changelog-init.xml::1511451595465-65::R3.Corda, databaseChangeLog=master.changelog.json}
?[m?[37m[INFO] 17:13:25,797 [Test worker] jvm.JdbcExecutor. - DELETE FROM PUBLIC.vault_fungible_states_parts {changeSet=migration/vault-schema.changelog-v3.xml::clean_vault::R3.Corda, databaseChangeLog=master.changelog.json}
?[m?[37m[INFO] 17:13:25,798 [Test worker] changelog.ChangeSet. - Data deleted from vault_fungible_states_parts {changeSet=migration/vault-schema.changelog-v3.xml::clean_vault::R3.Corda, databaseChangeLog=master.changelog.json}
?[m?[37m[INFO] 17:13:25,798 [Test worker] jvm.JdbcExecutor. - DELETE FROM PUBLIC.vault_fungible_states {changeSet=migration/vault-schema.changelog-v3.xml::clean_vault::R3.Corda, databaseChangeLog=master.changelog.json}
?[m?[37m[INFO] 17:13:25,798 [Test worker] changelog.ChangeSet. - Data deleted from vault_fungible_states {changeSet=migration/vault-schema.changelog-v3.xml::clean_vault::R3.Corda, databaseChangeLog=master.changelog.json}
?[m?[37m[INFO] 17:13:25,798 [Test worker] jvm.JdbcExecutor. - DELETE FROM PUBLIC.vault_linear_states_parts {changeSet=migration/vault-schema.changelog-v3.xml::clean_vault::R3.Corda, databaseChangeLog=master.changelog.json}
?[m?[37m[INFO] 17:13:25,798 [Test worker] changelog.ChangeSet. - Data deleted from vault_linear_states_parts {changeSet=migration/vault-schema.changelog-v3.xml::clean_vault::R3.Corda, databaseChangeLog=master.changelog.json}
?[m?[37m[INFO] 17:13:25,798 [Test worker] jvm.JdbcExecutor. - DELETE FROM PUBLIC.vault_linear_states {changeSet=migration/vault-schema.changelog-v3.xml::clean_vault::R3.Corda, databaseChangeLog=master.changelog.json}
?[m?[37m[INFO] 17:13:25,798 [Test worker] changelog.ChangeSet. - Data deleted from vault_linear_states {changeSet=migration/vault-schema.changelog-v3.xml::clean_vault::R3.Corda, databaseChangeLog=master.changelog.json}
?[m?[37m[INFO] 17:13:25,798 [Test worker] jvm.JdbcExecutor. - DELETE FROM PUBLIC.vault_states {changeSet=migration/vault-schema.changelog-v3.xml::clean_vault::R3.Corda, databaseChangeLog=master.changelog.json}
?[m?[37m[INFO] 17:13:25,799 [Test worker] changelog.ChangeSet. - Data deleted from vault_states {changeSet=migration/vault-schema.changelog-v3.xml::clean_vault::R3.Corda, databaseChangeLog=master.changelog.json}
?[m?[37m[INFO] 17:13:25,799 [Test worker] jvm.JdbcExecutor. - DELETE FROM PUBLIC.vault_transaction_notes {changeSet=migration/vault-schema.changelog-v3.xml::clean_vault::R3.Corda, databaseChangeLog=master.changelog.json}
?[m?[37m[INFO] 17:13:25,799 [Test worker] changelog.ChangeSet. - Data deleted from vault_transaction_notes {changeSet=migration/vault-schema.changelog-v3.xml::clean_vault::R3.Corda, databaseChangeLog=master.changelog.json}
?[m?[37m[INFO] 17:13:25,799 [Test worker] changelog.ChangeSet. - ChangeSet migration/vault-schema.changelog-v3.xml::clean_vault::R3.Corda ran successfully in 2ms {changeSet=migration/vault-schema.changelog-v3.xml::clean_vault::R3.Corda, databaseChangeLog=master.changelog.json}
?[m?[37m[INFO] 17:13:25,799 [Test worker] jvm.JdbcExecutor. - INSERT INTO PUBLIC.DATABASECHANGELOG (ID, AUTHOR, FILENAME, DATEEXECUTED, ORDEREXECUTED, MD5SUM, DESCRIPTION, COMMENTS, EXECTYPE, CONTEXTS, LABELS, LIQUIBASE, DEPLOYMENT_ID) VALUES ('clean_vault', 'R3.Corda', 'migration/vault-schema.changelog-v3.xml', NOW(), 19, '8:0701d37bf9b322ada2323cea6db9393c', 'delete tableName=vault_fungible_states_parts; delete tableName=vault_fungible_states; delete tableName=vault_linear_states_parts; delete tableName=vault_linear_states; delete tableName=vault_states; delete tableName=vault_transaction_notes', '', 'EXECUTED', NULL, NULL, '3.6.3', '4052005713') {changeSet=migration/vault-schema.changelog-v3.xml::clean_vault::R3.Corda, databaseChangeLog=master.changelog.json}
?[m?[37m[INFO] 17:13:25,801 [Test worker] jvm.JdbcExecutor. - ALTER TABLE PUBLIC.vault_fungible_states ALTER COLUMN quantity SET NOT NULL {changeSet=migration/vault-schema.changelog-v4.xml::nullability::R3.Corda, databaseChangeLog=master.changelog.json}
?[m?[37m[INFO] 17:13:25,803 [Test worker] changelog.ChangeSet. - NOT NULL constraint has been added to vault_fungible_states.quantity {changeSet=migration/vault-schema.changelog-v4.xml::nullability::R3.Corda, databaseChangeLog=master.changelog.json}
?[m?[37m[INFO] 17:13:25,804 [Test worker] jvm.JdbcExecutor. - ALTER TABLE PUBLIC.vault_states ALTER COLUMN contract_state_class_name SET NOT NULL {changeSet=migration/vault-schema.changelog-v4.xml::nullability::R3.Corda, databaseChangeLog=master.changelog.json}
?[m?[37m[INFO] 17:13:25,804 [Test worker] changelog.ChangeSet. - NOT NULL constraint has been added to vault_states.contract_state_class_name {changeSet=migration/vault-schema.changelog-v4.xml::nullability::R3.Corda, databaseChangeLog=master.changelog.json}
?[m?[37m[INFO] 17:13:25,805 [Test worker] jvm.JdbcExecutor. - ALTER TABLE PUBLIC.vault_states ALTER COLUMN notary_name SET NOT NULL {changeSet=migration/vault-schema.changelog-v4.xml::nullability::R3.Corda, databaseChangeLog=master.changelog.json}
?[m?[37m[INFO] 17:13:25,805 [Test worker] changelog.ChangeSet. - NOT NULL constraint has been added to vault_states.notary_name {changeSet=migration/vault-schema.changelog-v4.xml::nullability::R3.Corda, databaseChangeLog=master.changelog.json}
?[m?[37m[INFO] 17:13:25,805 [Test worker] jvm.JdbcExecutor. - ALTER TABLE PUBLIC.vault_states ALTER COLUMN recorded_timestamp SET NOT NULL {changeSet=migration/vault-schema.changelog-v4.xml::nullability::R3.Corda, databaseChangeLog=master.changelog.json}
?[m?[37m[INFO] 17:13:25,806 [Test worker] changelog.ChangeSet. - NOT NULL constraint has been added to vault_states.recorded_timestamp {changeSet=migration/vault-schema.changelog-v4.xml::nullability::R3.Corda, databaseChangeLog=master.changelog.json}
?[m?[37m[INFO] 17:13:25,806 [Test worker] jvm.JdbcExecutor. - DROP INDEX PUBLIC.state_status_idx {changeSet=migration/vault-schema.changelog-v4.xml::nullability::R3.Corda, databaseChangeLog=master.changelog.json}
?[m?[37m[INFO] 17:13:25,809 [Test worker] changelog.ChangeSet. - Index state_status_idx dropped from table vault_states {changeSet=migration/vault-schema.changelog-v4.xml::nullability::R3.Corda, databaseChangeLog=master.changelog.json}
?[m?[37m[INFO] 17:13:25,809 [Test worker] jvm.JdbcExecutor. - DROP INDEX PUBLIC.lock_id_idx {changeSet=migration/vault-schema.changelog-v4.xml::nullability::R3.Corda, databaseChangeLog=master.changelog.json}
?[m?[37m[INFO] 17:13:25,809 [Test worker] changelog.ChangeSet. - Index lock_id_idx dropped from table vault_states {changeSet=migration/vault-schema.changelog-v4.xml::nullability::R3.Corda, databaseChangeLog=master.changelog.json}
?[m?[37m[INFO] 17:13:25,810 [Test worker] jvm.JdbcExecutor. - ALTER TABLE PUBLIC.vault_states ALTER COLUMN state_status SET NOT NULL {changeSet=migration/vault-schema.changelog-v4.xml::nullability::R3.Corda, databaseChangeLog=master.changelog.json}
?[m?[37m[INFO] 17:13:25,810 [Test worker] changelog.ChangeSet. - NOT NULL constraint has been added to vault_states.state_status {changeSet=migration/vault-schema.changelog-v4.xml::nullability::R3.Corda, databaseChangeLog=master.changelog.json}
?[m?[37m[INFO] 17:13:25,810 [Test worker] jvm.JdbcExecutor. - CREATE INDEX PUBLIC.state_status_idx ON PUBLIC.vault_states(state_status) {changeSet=migration/vault-schema.changelog-v4.xml::nullability::R3.Corda, databaseChangeLog=master.changelog.json}
?[m?[37m[INFO] 17:13:25,811 [Test worker] changelog.ChangeSet. - Index state_status_idx created {changeSet=migration/vault-schema.changelog-v4.xml::nullability::R3.Corda, databaseChangeLog=master.changelog.json}
?[m?[37m[INFO] 17:13:25,811 [Test worker] jvm.JdbcExecutor. - CREATE INDEX PUBLIC.lock_id_idx ON PUBLIC.vault_states(lock_id, state_status) {changeSet=migration/vault-schema.changelog-v4.xml::nullability::R3.Corda, databaseChangeLog=master.changelog.json}
?[m?[37m[INFO] 17:13:25,811 [Test worker] changelog.ChangeSet. - Index lock_id_idx created {changeSet=migration/vault-schema.changelog-v4.xml::nullability::R3.Corda, databaseChangeLog=master.changelog.json}
?[m?[37m[INFO] 17:13:25,812 [Test worker] jvm.JdbcExecutor. - DROP INDEX PUBLIC.transaction_id_index {changeSet=migration/vault-schema.changelog-v4.xml::nullability::R3.Corda, databaseChangeLog=master.changelog.json}
?[m?[37m[INFO] 17:13:25,812 [Test worker] changelog.ChangeSet. - Index transaction_id_index dropped from table vault_transaction_notes {changeSet=migration/vault-schema.changelog-v4.xml::nullability::R3.Corda, databaseChangeLog=master.changelog.json}
?[m?[37m[INFO] 17:13:25,812 [Test worker] jvm.JdbcExecutor. - ALTER TABLE PUBLIC.vault_transaction_notes ALTER COLUMN note SET NOT NULL {changeSet=migration/vault-schema.changelog-v4.xml::nullability::R3.Corda, databaseChangeLog=master.changelog.json}
?[m?[37m[INFO] 17:13:25,813 [Test worker] changelog.ChangeSet. - NOT NULL constraint has been added to vault_transaction_notes.note {changeSet=migration/vault-schema.changelog-v4.xml::nullability::R3.Corda, databaseChangeLog=master.changelog.json}
?[m?[37m[INFO] 17:13:25,813 [Test worker] jvm.JdbcExecutor. - ALTER TABLE PUBLIC.vault_transaction_notes ALTER COLUMN transaction_id SET NOT NULL {changeSet=migration/vault-schema.changelog-v4.xml::nullability::R3.Corda, databaseChangeLog=master.changelog.json}
?[m?[37m[INFO] 17:13:25,813 [Test worker] changelog.ChangeSet. - NOT NULL constraint has been added to vault_transaction_notes.transaction_id {changeSet=migration/vault-schema.changelog-v4.xml::nullability::R3.Corda, databaseChangeLog=master.changelog.json}
?[m?[37m[INFO] 17:13:25,814 [Test worker] jvm.JdbcExecutor. - CREATE INDEX PUBLIC.transaction_id_index ON PUBLIC.vault_transaction_notes(transaction_id) {changeSet=migration/vault-schema.changelog-v4.xml::nullability::R3.Corda, databaseChangeLog=master.changelog.json}
?[m?[37m[INFO] 17:13:25,814 [Test worker] changelog.ChangeSet. - Index transaction_id_index created {changeSet=migration/vault-schema.changelog-v4.xml::nullability::R3.Corda, databaseChangeLog=master.changelog.json}
?[m?[37m[INFO] 17:13:25,814 [Test worker] changelog.ChangeSet. - ChangeSet migration/vault-schema.changelog-v4.xml::nullability::R3.Corda ran successfully in 14ms {changeSet=migration/vault-schema.changelog-v4.xml::nullability::R3.Corda, databaseChangeLog=master.changelog.json}
?[m?[37m[INFO] 17:13:25,815 [Test worker] jvm.JdbcExecutor. - INSERT INTO PUBLIC.DATABASECHANGELOG (ID, AUTHOR, FILENAME, DATEEXECUTED, ORDEREXECUTED, MD5SUM, DESCRIPTION, COMMENTS, EXECTYPE, CONTEXTS, LABELS, LIQUIBASE, DEPLOYMENT_ID) VALUES ('nullability', 'R3.Corda', 'migration/vault-schema.changelog-v4.xml', NOW(), 20, '8:853fd1e24b974ff22712322ebb2860bf', 'addNotNullConstraint columnName=quantity, tableName=vault_fungible_states; addNotNullConstraint columnName=contract_state_class_name, tableName=vault_states; addNotNullConstraint columnName=notary_name, tableName=vault_states; addNotNullConstraint...', '', 'EXECUTED', NULL, NULL, '3.6.3', '4052005713') {changeSet=migration/vault-schema.changelog-v4.xml::nullability::R3.Corda, databaseChangeLog=master.changelog.json}
?[m?[37m[INFO] 17:13:25,817 [Test worker] jvm.JdbcExecutor. - INSERT INTO PUBLIC.DATABASECHANGELOG (ID, AUTHOR, FILENAME, DATEEXECUTED, ORDEREXECUTED, MD5SUM, DESCRIPTION, COMMENTS, EXECTYPE, CONTEXTS, LABELS, LIQUIBASE, DEPLOYMENT_ID) VALUES ('non-clustered_pk-11', 'R3.Corda', 'migration/vault-schema.changelog-pkey.xml', NOW(), 21, '8:7fca5375330f0b3b62de65b84274dd6e', 'dropForeignKeyConstraint baseTableName=vault_fungible_states_parts, constraintName=FK__fung_st_parts__fung_st; dropPrimaryKey constraintName=vault_fungible_states_pkey, tableName=vault_fungible_states; addPrimaryKey constraintName=vault_fungible_s...', '', 'MARK_RAN', NULL, NULL, '3.6.3', '4052005713') {changeSet=migration/vault-schema.changelog-pkey.xml::non-clustered_pk-11::R3.Corda, databaseChangeLog=master.changelog.json}
?[m?[37m[INFO] 17:13:25,819 [Test worker] jvm.JdbcExecutor. - INSERT INTO PUBLIC.DATABASECHANGELOG (ID, AUTHOR, FILENAME, DATEEXECUTED, ORDEREXECUTED, MD5SUM, DESCRIPTION, COMMENTS, EXECTYPE, CONTEXTS, LABELS, LIQUIBASE, DEPLOYMENT_ID) VALUES ('non-clustered_pk-12', 'R3.Corda', 'migration/vault-schema.changelog-pkey.xml', NOW(), 22, '8:8469058af292b08d108fcf1b3eb8fca4', 'dropForeignKeyConstraint baseTableName=vault_linear_states_parts, constraintName=FK__lin_stat_parts__lin_stat; dropPrimaryKey constraintName=vault_linear_states_pkey, tableName=vault_linear_states; addPrimaryKey constraintName=vault_linear_states_...', '', 'MARK_RAN', NULL, NULL, '3.6.3', '4052005713') {changeSet=migration/vault-schema.changelog-pkey.xml::non-clustered_pk-12::R3.Corda, databaseChangeLog=master.changelog.json}
?[m?[37m[INFO] 17:13:25,820 [Test worker] jvm.JdbcExecutor. - INSERT INTO PUBLIC.DATABASECHANGELOG (ID, AUTHOR, FILENAME, DATEEXECUTED, ORDEREXECUTED, MD5SUM, DESCRIPTION, COMMENTS, EXECTYPE, CONTEXTS, LABELS, LIQUIBASE, DEPLOYMENT_ID) VALUES ('non-clustered_pk-13', 'R3.Corda', 'migration/vault-schema.changelog-pkey.xml', NOW(), 23, '8:e0ccce8941c28a45870d60f5bf54cd50', 'dropPrimaryKey constraintName=vault_states_pkey, tableName=vault_states; addPrimaryKey constraintName=vault_states_pkey, tableName=vault_states', '', 'MARK_RAN', NULL, NULL, '3.6.3', '4052005713') {changeSet=migration/vault-schema.changelog-pkey.xml::non-clustered_pk-13::R3.Corda, databaseChangeLog=master.changelog.json}
?[m?[37m[INFO] 17:13:25,822 [Test worker] jvm.JdbcExecutor. - ALTER TABLE PUBLIC.vault_states ADD relevancy_status INT {changeSet=migration/vault-schema.changelog-v5.xml::add_relevancy_status_column::R3.Corda, databaseChangeLog=master.changelog.json}
?[m?[37m[INFO] 17:13:25,830 [Test worker] changelog.ChangeSet. - Columns relevancy_status(INT) added to vault_states {changeSet=migration/vault-schema.changelog-v5.xml::add_relevancy_status_column::R3.Corda, databaseChangeLog=master.changelog.json}
?[m?[37m[INFO] 17:13:25,830 [Test worker] jvm.JdbcExecutor. - UPDATE PUBLIC.vault_states SET relevancy_status = 0 {changeSet=migration/vault-schema.changelog-v5.xml::add_relevancy_status_column::R3.Corda, databaseChangeLog=master.changelog.json}
?[m?[37m[INFO] 17:13:25,830 [Test worker] changelog.ChangeSet. - Data updated in vault_states {changeSet=migration/vault-schema.changelog-v5.xml::add_relevancy_status_column::R3.Corda, databaseChangeLog=master.changelog.json}
?[m?[37m[INFO] 17:13:25,830 [Test worker] jvm.JdbcExecutor. - ALTER TABLE PUBLIC.vault_states ALTER COLUMN relevancy_status SET NOT NULL {changeSet=migration/vault-schema.changelog-v5.xml::add_relevancy_status_column::R3.Corda, databaseChangeLog=master.changelog.json}
?[m?[37m[INFO] 17:13:25,831 [Test worker] changelog.ChangeSet. - NOT NULL constraint has been added to vault_states.relevancy_status {changeSet=migration/vault-schema.changelog-v5.xml::add_relevancy_status_column::R3.Corda, databaseChangeLog=master.changelog.json}
?[m?[37m[INFO] 17:13:25,831 [Test worker] changelog.ChangeSet. - ChangeSet migration/vault-schema.changelog-v5.xml::add_relevancy_status_column::R3.Corda ran successfully in 10ms {changeSet=migration/vault-schema.changelog-v5.xml::add_relevancy_status_column::R3.Corda, databaseChangeLog=master.changelog.json}
?[m?[37m[INFO] 17:13:25,832 [Test worker] jvm.JdbcExecutor. - INSERT INTO PUBLIC.DATABASECHANGELOG (ID, AUTHOR, FILENAME, DATEEXECUTED, ORDEREXECUTED, MD5SUM, DESCRIPTION, COMMENTS, EXECTYPE, CONTEXTS, LABELS, LIQUIBASE, DEPLOYMENT_ID) VALUES ('add_relevancy_status_column', 'R3.Corda', 'migration/vault-schema.changelog-v5.xml', NOW(), 24, '8:93c5dcaf00387d4d643def4355a54b56', 'addColumn tableName=vault_states; update tableName=vault_states; addNotNullConstraint columnName=relevancy_status, tableName=vault_states', '', 'EXECUTED', NULL, NULL, '3.6.3', '4052005713') {changeSet=migration/vault-schema.changelog-v5.xml::add_relevancy_status_column::R3.Corda, databaseChangeLog=master.changelog.json}
?[m?[37m[INFO] 17:13:25,834 [Test worker] jvm.JdbcExecutor. - ALTER TABLE PUBLIC.vault_states ADD constraint_type INT DEFAULT '0' NOT NULL {changeSet=migration/vault-schema.changelog-v6.xml::add_is_constraint_information_columns::R3.Corda, databaseChangeLog=master.changelog.json}
?[m?[37m[INFO] 17:13:25,839 [Test worker] changelog.ChangeSet. - Columns constraint_type(INT) added to vault_states {changeSet=migration/vault-schema.changelog-v6.xml::add_is_constraint_information_columns::R3.Corda, databaseChangeLog=master.changelog.json}
?[m?[37m[INFO] 17:13:25,839 [Test worker] jvm.JdbcExecutor. - ALTER TABLE PUBLIC.vault_states ADD constraint_data VARBINARY(563) {changeSet=migration/vault-schema.changelog-v6.xml::add_is_constraint_information_columns::R3.Corda, databaseChangeLog=master.changelog.json}
?[m?[37m[INFO] 17:13:25,843 [Test worker] changelog.ChangeSet. - Columns constraint_data(varbinary(563)) added to vault_states {changeSet=migration/vault-schema.changelog-v6.xml::add_is_constraint_information_columns::R3.Corda, databaseChangeLog=master.changelog.json}
?[m?[37m[INFO] 17:13:25,844 [Test worker] changelog.ChangeSet. - ChangeSet migration/vault-schema.changelog-v6.xml::add_is_constraint_information_columns::R3.Corda ran successfully in 12ms {changeSet=migration/vault-schema.changelog-v6.xml::add_is_constraint_information_columns::R3.Corda, databaseChangeLog=master.changelog.json}
?[m?[37m[INFO] 17:13:25,844 [Test worker] jvm.JdbcExecutor. - INSERT INTO PUBLIC.DATABASECHANGELOG (ID, AUTHOR, FILENAME, DATEEXECUTED, ORDEREXECUTED, MD5SUM, DESCRIPTION, COMMENTS, EXECTYPE, CONTEXTS, LABELS, LIQUIBASE, DEPLOYMENT_ID) VALUES ('add_is_constraint_information_columns', 'R3.Corda', 'migration/vault-schema.changelog-v6.xml', NOW(), 25, '8:acf60bd84f648e157d402de8f8e22f3a', 'addColumn tableName=vault_states; addColumn tableName=vault_states', '', 'EXECUTED', NULL, NULL, '3.6.3', '4052005713') {changeSet=migration/vault-schema.changelog-v6.xml::add_is_constraint_information_columns::R3.Corda, databaseChangeLog=master.changelog.json}
?[m?[37m[INFO] 17:13:25,845 [Test worker] jvm.JdbcExecutor. - ALTER TABLE PUBLIC.vault_fungible_states ALTER COLUMN issuer_ref SET NULL {changeSet=migration/vault-schema.changelog-v7.xml::make_issuer_ref_nullable::R3.Corda, databaseChangeLog=master.changelog.json}
?[m?[37m[INFO] 17:13:25,845 [Test worker] changelog.ChangeSet. - Null constraint dropped from vault_fungible_states.issuer_ref {changeSet=migration/vault-schema.changelog-v7.xml::make_issuer_ref_nullable::R3.Corda, databaseChangeLog=master.changelog.json}
?[m?[37m[INFO] 17:13:25,845 [Test worker] changelog.ChangeSet. - ChangeSet migration/vault-schema.changelog-v7.xml::make_issuer_ref_nullable::R3.Corda ran successfully in 0ms {changeSet=migration/vault-schema.changelog-v7.xml::make_issuer_ref_nullable::R3.Corda, databaseChangeLog=master.changelog.json}
?[m?[37m[INFO] 17:13:25,846 [Test worker] jvm.JdbcExecutor. - INSERT INTO PUBLIC.DATABASECHANGELOG (ID, AUTHOR, FILENAME, DATEEXECUTED, ORDEREXECUTED, MD5SUM, DESCRIPTION, COMMENTS, EXECTYPE, CONTEXTS, LABELS, LIQUIBASE, DEPLOYMENT_ID) VALUES ('make_issuer_ref_nullable', 'R3.Corda', 'migration/vault-schema.changelog-v7.xml', NOW(), 26, '8:58039722b4808e90a7711d3c82e5fc95', 'dropNotNullConstraint columnName=issuer_ref, tableName=vault_fungible_states', '', 'EXECUTED', NULL, NULL, '3.6.3', '4052005713') {changeSet=migration/vault-schema.changelog-v7.xml::make_issuer_ref_nullable::R3.Corda, databaseChangeLog=master.changelog.json}
?[m?[37m[INFO] 17:13:25,847 [Test worker] jvm.JdbcExecutor. - CREATE TABLE PUBLIC.state_party (output_index INT, transaction_id NVARCHAR(64), public_key_hash NVARCHAR(255) NOT NULL, x500_name NVARCHAR(255)) {changeSet=migration/vault-schema.changelog-v8.xml::create-external-id-to-state-party-view::R3.Corda, databaseChangeLog=master.changelog.json}
?[m?[37m[INFO] 17:13:25,847 [Test worker] changelog.ChangeSet. - Table state_party created {changeSet=migration/vault-schema.changelog-v8.xml::create-external-id-to-state-party-view::R3.Corda, databaseChangeLog=master.changelog.json}
?[m?[37m[INFO] 17:13:25,847 [Test worker] jvm.JdbcExecutor. - CREATE INDEX PUBLIC.state_pk_hash_idx ON PUBLIC.state_party(public_key_hash) {changeSet=migration/vault-schema.changelog-v8.xml::create-external-id-to-state-party-view::R3.Corda, databaseChangeLog=master.changelog.json}
?[m?[37m[INFO] 17:13:25,848 [Test worker] changelog.ChangeSet. - Index state_pk_hash_idx created {changeSet=migration/vault-schema.changelog-v8.xml::create-external-id-to-state-party-view::R3.Corda, databaseChangeLog=master.changelog.json}
?[m?[37m[INFO] 17:13:25,848 [Test worker] jvm.JdbcExecutor. - CREATE TABLE PUBLIC.pk_hash_to_ext_id_map (id BIGINT NOT NULL, external_id VARCHAR(255) NOT NULL, public_key_hash NVARCHAR(255) NOT NULL) {changeSet=migration/vault-schema.changelog-v8.xml::create-external-id-to-state-party-view::R3.Corda, databaseChangeLog=master.changelog.json}
?[m?[37m[INFO] 17:13:25,848 [Test worker] changelog.ChangeSet. - Table pk_hash_to_ext_id_map created {changeSet=migration/vault-schema.changelog-v8.xml::create-external-id-to-state-party-view::R3.Corda, databaseChangeLog=master.changelog.json}
?[m?[37m[INFO] 17:13:25,848 [Test worker] jvm.JdbcExecutor. - CREATE INDEX PUBLIC.pk_hash_to_xid_idx ON PUBLIC.pk_hash_to_ext_id_map(public_key_hash) {changeSet=migration/vault-schema.changelog-v8.xml::create-external-id-to-state-party-view::R3.Corda, databaseChangeLog=master.changelog.json}
?[m?[37m[INFO] 17:13:25,849 [Test worker] changelog.ChangeSet. - Index pk_hash_to_xid_idx created {changeSet=migration/vault-schema.changelog-v8.xml::create-external-id-to-state-party-view::R3.Corda, databaseChangeLog=master.changelog.json}
?[m?[37m[INFO] 17:13:25,850 [Test worker] jvm.JdbcExecutor. - CREATE VIEW PUBLIC.v_pkey_hash_ex_id_map AS select
                state_party.public_key_hash,
                state_party.transaction_id,
                state_party.output_index,
                pk_hash_to_ext_id_map.external_id
            from state_party
            join pk_hash_to_ext_id_map
            on state_party.public_key_hash = pk_hash_to_ext_id_map.public_key_hash {changeSet=migration/vault-schema.changelog-v8.xml::create-external-id-to-state-party-view::R3.Corda, databaseChangeLog=master.changelog.json}
?[m?[37m[INFO] 17:13:25,851 [Test worker] changelog.ChangeSet. - View v_pkey_hash_ex_id_map created {changeSet=migration/vault-schema.changelog-v8.xml::create-external-id-to-state-party-view::R3.Corda, databaseChangeLog=master.changelog.json}
?[m?[37m[INFO] 17:13:25,851 [Test worker] changelog.ChangeSet. - ChangeSet migration/vault-schema.changelog-v8.xml::create-external-id-to-state-party-view::R3.Corda ran successfully in 4ms {changeSet=migration/vault-schema.changelog-v8.xml::create-external-id-to-state-party-view::R3.Corda, databaseChangeLog=master.changelog.json}
?[m?[37m[INFO] 17:13:25,852 [Test worker] jvm.JdbcExecutor. - INSERT INTO PUBLIC.DATABASECHANGELOG (ID, AUTHOR, FILENAME, DATEEXECUTED, ORDEREXECUTED, MD5SUM, DESCRIPTION, COMMENTS, EXECTYPE, CONTEXTS, LABELS, LIQUIBASE, DEPLOYMENT_ID) VALUES ('create-external-id-to-state-party-view', 'R3.Corda', 'migration/vault-schema.changelog-v8.xml', NOW(), 27, '8:9a5b20f7b7367bb3b86f600bccaa423b', 'createTable tableName=state_party; createIndex indexName=state_pk_hash_idx, tableName=state_party; createTable tableName=pk_hash_to_ext_id_map; createIndex indexName=pk_hash_to_xid_idx, tableName=pk_hash_to_ext_id_map; createView viewName=v_pkey_h...', '', 'EXECUTED', NULL, NULL, '3.6.3', '4052005713') {changeSet=migration/vault-schema.changelog-v8.xml::create-external-id-to-state-party-view::R3.Corda, databaseChangeLog=master.changelog.json}
?[m?[37m[INFO] 17:13:25,853 [Test worker] jvm.JdbcExecutor. - ALTER TABLE PUBLIC.vault_states ALTER COLUMN constraint_data VARBINARY(20000) {changeSet=migration/vault-schema.changelog-v11.xml::expand_constraint_data_size::R3.Corda, databaseChangeLog=master.changelog.json}
?[m?[37m[INFO] 17:13:25,858 [Test worker] changelog.ChangeSet. - vault_states.constraint_data datatype was changed to varbinary(20000) {changeSet=migration/vault-schema.changelog-v11.xml::expand_constraint_data_size::R3.Corda, databaseChangeLog=master.changelog.json}
?[m?[37m[INFO] 17:13:25,858 [Test worker] changelog.ChangeSet. - ChangeSet migration/vault-schema.changelog-v11.xml::expand_constraint_data_size::R3.Corda ran successfully in 5ms {changeSet=migration/vault-schema.changelog-v11.xml::expand_constraint_data_size::R3.Corda, databaseChangeLog=master.changelog.json}
?[m?[37m[INFO] 17:13:25,859 [Test worker] jvm.JdbcExecutor. - INSERT INTO PUBLIC.DATABASECHANGELOG (ID, AUTHOR, FILENAME, DATEEXECUTED, ORDEREXECUTED, MD5SUM, DESCRIPTION, COMMENTS, EXECTYPE, CONTEXTS, LABELS, LIQUIBASE, DEPLOYMENT_ID) VALUES ('expand_constraint_data_size', 'R3.Corda', 'migration/vault-schema.changelog-v11.xml', NOW(), 28, '8:0bd51f3d930d4b03d7b1075454bb2d70', 'modifyDataType columnName=constraint_data, tableName=vault_states', '', 'EXECUTED', NULL, NULL, '3.6.3', '4052005713') {changeSet=migration/vault-schema.changelog-v11.xml::expand_constraint_data_size::R3.Corda, databaseChangeLog=master.changelog.json}
?[m?[37m[INFO] 17:13:25,860 [Test worker] jvm.JdbcExecutor. - CREATE TABLE PUBLIC.node_link_nodeinfo_party (node_info_id INT NOT NULL, party_name NVARCHAR(255) NOT NULL) {changeSet=migration/node-info.changelog-init.xml::1511451595465-4::R3.Corda, databaseChangeLog=master.changelog.json}
?[m?[37m[INFO] 17:13:25,860 [Test worker] changelog.ChangeSet. - Table node_link_nodeinfo_party created {changeSet=migration/node-info.changelog-init.xml::1511451595465-4::R3.Corda, databaseChangeLog=master.changelog.json}
?[m?[37m[INFO] 17:13:25,860 [Test worker] changelog.ChangeSet. - ChangeSet migration/node-info.changelog-init.xml::1511451595465-4::R3.Corda ran successfully in 1ms {changeSet=migration/node-info.changelog-init.xml::1511451595465-4::R3.Corda, databaseChangeLog=master.changelog.json}
?[m?[37m[INFO] 17:13:25,861 [Test worker] jvm.JdbcExecutor. - INSERT INTO PUBLIC.DATABASECHANGELOG (ID, AUTHOR, FILENAME, DATEEXECUTED, ORDEREXECUTED, MD5SUM, DESCRIPTION, COMMENTS, EXECTYPE, CONTEXTS, LABELS, LIQUIBASE, DEPLOYMENT_ID) VALUES ('1511451595465-4', 'R3.Corda', 'migration/node-info.changelog-init.xml', NOW(), 29, '8:cbf3edf78266c3bd22738eaf20c7c111', 'createTable tableName=node_link_nodeinfo_party', '', 'EXECUTED', NULL, NULL, '3.6.3', '4052005713') {changeSet=migration/node-info.changelog-init.xml::1511451595465-4::R3.Corda, databaseChangeLog=master.changelog.json}
?[m?[37m[INFO] 17:13:25,862 [Test worker] jvm.JdbcExecutor. - CREATE TABLE PUBLIC.node_info_hosts (host NVARCHAR(255) NOT NULL, port INT NOT NULL, node_info_id INT) {changeSet=migration/node-info.changelog-init.xml::1511451595465-10::R3.Corda, databaseChangeLog=master.changelog.json}
?[m?[37m[INFO] 17:13:25,862 [Test worker] changelog.ChangeSet. - Table node_info_hosts created {changeSet=migration/node-info.changelog-init.xml::1511451595465-10::R3.Corda, databaseChangeLog=master.changelog.json}
?[m?[37m[INFO] 17:13:25,862 [Test worker] changelog.ChangeSet. - ChangeSet migration/node-info.changelog-init.xml::1511451595465-10::R3.Corda ran successfully in 0ms {changeSet=migration/node-info.changelog-init.xml::1511451595465-10::R3.Corda, databaseChangeLog=master.changelog.json}
?[m?[37m[INFO] 17:13:25,863 [Test worker] jvm.JdbcExecutor. - INSERT INTO PUBLIC.DATABASECHANGELOG (ID, AUTHOR, FILENAME, DATEEXECUTED, ORDEREXECUTED, MD5SUM, DESCRIPTION, COMMENTS, EXECTYPE, CONTEXTS, LABELS, LIQUIBASE, DEPLOYMENT_ID) VALUES ('1511451595465-10', 'R3.Corda', 'migration/node-info.changelog-init.xml', NOW(), 30, '8:f0b2c5a77ffde6aaa3c417095fc220a9', 'createTable tableName=node_info_hosts', '', 'EXECUTED', NULL, NULL, '3.6.3', '4052005713') {changeSet=migration/node-info.changelog-init.xml::1511451595465-10::R3.Corda, databaseChangeLog=master.changelog.json}
?[m?[37m[INFO] 17:13:25,864 [Test worker] jvm.JdbcExecutor. - CREATE TABLE PUBLIC.node_info_party_cert (party_name NVARCHAR(255) NOT NULL, ismain BOOLEAN NOT NULL, owning_key_hash NVARCHAR(130), party_cert_binary BLOB) {changeSet=migration/node-info.changelog-init.xml::1511451595465-11::R3.Corda, databaseChangeLog=master.changelog.json}
?[m?[37m[INFO] 17:13:25,865 [Test worker] changelog.ChangeSet. - Table node_info_party_cert created {changeSet=migration/node-info.changelog-init.xml::1511451595465-11::R3.Corda, databaseChangeLog=master.changelog.json}
?[m?[37m[INFO] 17:13:25,865 [Test worker] changelog.ChangeSet. - ChangeSet migration/node-info.changelog-init.xml::1511451595465-11::R3.Corda ran successfully in 1ms {changeSet=migration/node-info.changelog-init.xml::1511451595465-11::R3.Corda, databaseChangeLog=master.changelog.json}
?[m?[37m[INFO] 17:13:25,865 [Test worker] jvm.JdbcExecutor. - INSERT INTO PUBLIC.DATABASECHANGELOG (ID, AUTHOR, FILENAME, DATEEXECUTED, ORDEREXECUTED, MD5SUM, DESCRIPTION, COMMENTS, EXECTYPE, CONTEXTS, LABELS, LIQUIBASE, DEPLOYMENT_ID) VALUES ('1511451595465-11', 'R3.Corda', 'migration/node-info.changelog-init.xml', NOW(), 31, '8:5eacbf7ce0d85376219f1903b55f5e18', 'createTable tableName=node_info_party_cert', '', 'EXECUTED', NULL, NULL, '3.6.3', '4052005713') {changeSet=migration/node-info.changelog-init.xml::1511451595465-11::R3.Corda, databaseChangeLog=master.changelog.json}
?[m?[37m[INFO] 17:13:25,866 [Test worker] jvm.JdbcExecutor. - CREATE TABLE PUBLIC.node_infos (node_info_id INT NOT NULL, node_info_hash NVARCHAR(64), platform_version INT, serial BIGINT) {changeSet=migration/node-info.changelog-init.xml::1511451595465-12::R3.Corda, databaseChangeLog=master.changelog.json}
?[m?[37m[INFO] 17:13:25,867 [Test worker] changelog.ChangeSet. - Table node_infos created {changeSet=migration/node-info.changelog-init.xml::1511451595465-12::R3.Corda, databaseChangeLog=master.changelog.json}
?[m?[37m[INFO] 17:13:25,867 [Test worker] changelog.ChangeSet. - ChangeSet migration/node-info.changelog-init.xml::1511451595465-12::R3.Corda ran successfully in 1ms {changeSet=migration/node-info.changelog-init.xml::1511451595465-12::R3.Corda, databaseChangeLog=master.changelog.json}
?[m?[37m[INFO] 17:13:25,868 [Test worker] jvm.JdbcExecutor. - INSERT INTO PUBLIC.DATABASECHANGELOG (ID, AUTHOR, FILENAME, DATEEXECUTED, ORDEREXECUTED, MD5SUM, DESCRIPTION, COMMENTS, EXECTYPE, CONTEXTS, LABELS, LIQUIBASE, DEPLOYMENT_ID) VALUES ('1511451595465-12', 'R3.Corda', 'migration/node-info.changelog-init.xml', NOW(), 32, '8:7e30f20cf268860d637ecfb8635f45a3', 'createTable tableName=node_infos', '', 'EXECUTED', NULL, NULL, '3.6.3', '4052005713') {changeSet=migration/node-info.changelog-init.xml::1511451595465-12::R3.Corda, databaseChangeLog=master.changelog.json}
?[m?[37m[INFO] 17:13:25,868 [Test worker] jvm.JdbcExecutor. - ALTER TABLE PUBLIC.node_info_hosts ADD CONSTRAINT node_info_hosts_pkey PRIMARY KEY (host, port) {changeSet=migration/node-info.changelog-init.xml::1511451595465-35::R3.Corda, databaseChangeLog=master.changelog.json}
?[m?[37m[INFO] 17:13:25,869 [Test worker] changelog.ChangeSet. - Primary key added to node_info_hosts (host, port) {changeSet=migration/node-info.changelog-init.xml::1511451595465-35::R3.Corda, databaseChangeLog=master.changelog.json}
?[m?[37m[INFO] 17:13:25,869 [Test worker] changelog.ChangeSet. - ChangeSet migration/node-info.changelog-init.xml::1511451595465-35::R3.Corda ran successfully in 1ms {changeSet=migration/node-info.changelog-init.xml::1511451595465-35::R3.Corda, databaseChangeLog=master.changelog.json}
[...]
?[m?[37m[INFO] 17:13:29,714 [Test worker] changelog.ChangeSet. - ChangeSet migration/node-services.changelog-init.xml::add_status_column::R3.Corda ran successfully in 3ms {changeSet=migration/node-services.changelog-init.xml::add_status_column::R3.Corda, databaseChangeLog=master.changelog.json}
?[m?[37m[INFO] 17:13:29,714 [Test worker] jvm.JdbcExecutor. - INSERT INTO PUBLIC.DATABASECHANGELOG (ID, AUTHOR, FILENAME, DATEEXECUTED, ORDEREXECUTED, MD5SUM, DESCRIPTION, COMMENTS, EXECTYPE, CONTEXTS, LABELS, LIQUIBASE, DEPLOYMENT_ID) VALUES ('add_status_column', 'R3.Corda', 'migration/node-services.changelog-init.xml', NOW(), 89, '8:163dc66ab97910470ce080cd4c4d33ef', 'addColumn tableName=node_transactions', '', 'EXECUTED', NULL, NULL, '3.6.3', '4052009392') {changeSet=migration/node-services.changelog-init.xml::add_status_column::R3.Corda, databaseChangeLog=master.changelog.json}
?[m?[37m[INFO] 17:13:29,716 [Test worker] jvm.JdbcExecutor. - CREATE TABLE PUBLIC.node_hash_to_key (pk_hash NVARCHAR(130) NOT NULL, public_key BLOB NOT NULL) {changeSet=migration/node-services.changelog-init.xml::add-new-pk-hash-to-pk-table::R3.Corda, databaseChangeLog=master.changelog.json}
?[m?[37m[INFO] 17:13:29,717 [Test worker] changelog.ChangeSet. - Table node_hash_to_key created {changeSet=migration/node-services.changelog-init.xml::add-new-pk-hash-to-pk-table::R3.Corda, databaseChangeLog=master.changelog.json}
?[m?[37m[INFO] 17:13:29,717 [Test worker] jvm.JdbcExecutor. - ALTER TABLE PUBLIC.node_hash_to_key ADD CONSTRAINT node_hash_to_key_pk_hash PRIMARY KEY (pk_hash) {changeSet=migration/node-services.changelog-init.xml::add-new-pk-hash-to-pk-table::R3.Corda, databaseChangeLog=master.changelog.json}
?[m?[37m[INFO] 17:13:29,719 [Test worker] changelog.ChangeSet. - Primary key added to node_hash_to_key (pk_hash) {changeSet=migration/node-services.changelog-init.xml::add-new-pk-hash-to-pk-table::R3.Corda, databaseChangeLog=master.changelog.json}
?[m?[37m[INFO] 17:13:29,719 [Test worker] changelog.ChangeSet. - ChangeSet migration/node-services.changelog-init.xml::add-new-pk-hash-to-pk-table::R3.Corda ran successfully in 3ms {changeSet=migration/node-services.changelog-init.xml::add-new-pk-hash-to-pk-table::R3.Corda, databaseChangeLog=master.changelog.json}
?[m?[37m[INFO] 17:13:29,721 [Test worker] jvm.JdbcExecutor. - INSERT INTO PUBLIC.DATABASECHANGELOG (ID, AUTHOR, FILENAME, DATEEXECUTED, ORDEREXECUTED, MD5SUM, DESCRIPTION, COMMENTS, EXECTYPE, CONTEXTS, LABELS, LIQUIBASE, DEPLOYMENT_ID) VALUES ('add-new-pk-hash-to-pk-table', 'R3.Corda', 'migration/node-services.changelog-init.xml', NOW(), 90, '8:90ed8145a19f497b5c95a5c9542917f0', 'createTable tableName=node_hash_to_key; addPrimaryKey constraintName=node_hash_to_key_pk_hash, tableName=node_hash_to_key', '', 'EXECUTED', NULL, NULL, '3.6.3', '4052009392') {changeSet=migration/node-services.changelog-init.xml::add-new-pk-hash-to-pk-table::R3.Corda, databaseChangeLog=master.changelog.json}
?[m?[37m[INFO] 17:13:29,723 [Test worker] jvm.JdbcExecutor. - ALTER TABLE PUBLIC.node_transactions ADD timestamp TIMESTAMP DEFAULT '2000-01-01 12:00:00' NOT NULL {changeSet=migration/node-services.changelog-init.xml::add_timestamp_column_to_node_transactions::R3.Corda, databaseChangeLog=master.changelog.json}
?[m?[37m[INFO] 17:13:29,726 [Test worker] changelog.ChangeSet. - Columns timestamp(TIMESTAMP) added to node_transactions {changeSet=migration/node-services.changelog-init.xml::add_timestamp_column_to_node_transactions::R3.Corda, databaseChangeLog=master.changelog.json}
?[m?[37m[INFO] 17:13:29,726 [Test worker] changelog.ChangeSet. - ChangeSet migration/node-services.changelog-init.xml::add_timestamp_column_to_node_transactions::R3.Corda ran successfully in 4ms {changeSet=migration/node-services.changelog-init.xml::add_timestamp_column_to_node_transactions::R3.Corda, databaseChangeLog=master.changelog.json}
?[m?[37m[INFO] 17:13:29,726 [Test worker] jvm.JdbcExecutor. - INSERT INTO PUBLIC.DATABASECHANGELOG (ID, AUTHOR, FILENAME, DATEEXECUTED, ORDEREXECUTED, MD5SUM, DESCRIPTION, COMMENTS, EXECTYPE, CONTEXTS, LABELS, LIQUIBASE, DEPLOYMENT_ID) VALUES ('add_timestamp_column_to_node_transactions', 'R3.Corda', 'migration/node-services.changelog-init.xml', NOW(), 91, '8:bc308c6c38c83b58a03f11f0943a944f', 'addColumn tableName=node_transactions', '', 'EXECUTED', NULL, NULL, '3.6.3', '4052009392') {changeSet=migration/node-services.changelog-init.xml::add_timestamp_column_to_node_transactions::R3.Corda, databaseChangeLog=master.changelog.json}
?[m?[37m[INFO] 17:13:29,727 [Test worker] migration.VaultStateMigration. - Migrating vault state data to V4 tables {changeSet=migration/vault-schema.changelog-v9.xml::update-vault-states::R3.Corda, databaseChangeLog=master.changelog.json}
?[m?[37m[INFO] 17:13:29,731 [Test worker] persistence.HibernateConfiguration. - Init HibernateConfiguration for schemas: [VaultMigrationSchemaV1(name=net.corda.node.migration.VaultMigrationSchema, version=1), VaultSchemaV1(name=net.corda.node.services.vault.VaultSchema, version=1)] {changeSet=migration/vault-schema.changelog-v9.xml::update-vault-states::R3.Corda, databaseChangeLog=master.changelog.json}
?[m?[37m[INFO] 17:13:29,731 [Test worker] persistence.HibernateConfiguration. - Creating session factory for schemas: [VaultMigrationSchemaV1(name=net.corda.node.migration.VaultMigrationSchema, version=1), VaultSchemaV1(name=net.corda.node.services.vault.VaultSchema, version=1)] {changeSet=migration/vault-schema.changelog-v9.xml::update-vault-states::R3.Corda, databaseChangeLog=master.changelog.json}
?[m?[37m[INFO] 17:13:29,745 [Test worker] internal.ConnectionProviderInitiator. - HHH000130: Instantiating explicit connection provider: net.corda.nodeapi.internal.persistence.HibernateConfiguration$NodeDatabaseConnectionProvider {changeSet=migration/vault-schema.changelog-v9.xml::update-vault-states::R3.Corda, databaseChangeLog=master.changelog.json}
?[m?[37m[INFO] 17:13:29,745 [Test worker] dialect.Dialect. - HHH000400: Using dialect: org.hibernate.dialect.H2Dialect {changeSet=migration/vault-schema.changelog-v9.xml::update-vault-states::R3.Corda, databaseChangeLog=master.changelog.json}
?[m?[37m[INFO] 17:13:29,847 [Test worker] connections.access. - HHH10001501: Connection obtained from JdbcConnectionAccess [org.hibernate.engine.jdbc.env.internal.JdbcEnvironmentInitiator$ConnectionProviderJdbcConnectionAccess@22ebfd78] for (non-JTA) DDL execution was not in auto-commit mode; the Connection 'local transaction' will be committed and the Connection will be set into auto-commit mode. {changeSet=migration/vault-schema.changelog-v9.xml::update-vault-states::R3.Corda, databaseChangeLog=master.changelog.json}
?[m?[37m[INFO] 17:13:29,895 [Test worker] internal.JtaPlatformInitiator. - HHH000490: Using JtaPlatform implementation: [org.hibernate.engine.transaction.jta.platform.internal.NoJtaPlatform] {changeSet=migration/vault-schema.changelog-v9.xml::update-vault-states::R3.Corda, databaseChangeLog=master.changelog.json}
?[m?[37m[INFO] 17:13:29,895 [Test worker] persistence.HibernateConfiguration. - Created session factory for schemas: [VaultMigrationSchemaV1(name=net.corda.node.migration.VaultMigrationSchema, version=1), VaultSchemaV1(name=net.corda.node.services.vault.VaultSchema, version=1)] {changeSet=migration/vault-schema.changelog-v9.xml::update-vault-states::R3.Corda, databaseChangeLog=master.changelog.json}
?[m?[37m[INFO] 17:13:29,919 [Test worker] migration.VaultStateMigration. - Finished performing vault state data migration for 0 states {changeSet=migration/vault-schema.changelog-v9.xml::update-vault-states::R3.Corda, databaseChangeLog=master.changelog.json}
?[m?[37m[INFO] 17:13:29,919 [Test worker] changelog.ChangeSet. - null {changeSet=migration/vault-schema.changelog-v9.xml::update-vault-states::R3.Corda, databaseChangeLog=master.changelog.json}
?[m?[37m[INFO] 17:13:29,919 [Test worker] changelog.ChangeSet. - ChangeSet migration/vault-schema.changelog-v9.xml::update-vault-states::R3.Corda ran successfully in 192ms {changeSet=migration/vault-schema.changelog-v9.xml::update-vault-states::R3.Corda, databaseChangeLog=master.changelog.json}
?[m?[37m[INFO] 17:13:29,920 [Test worker] jvm.JdbcExecutor. - INSERT INTO PUBLIC.DATABASECHANGELOG (ID, AUTHOR, FILENAME, DATEEXECUTED, ORDEREXECUTED, MD5SUM, DESCRIPTION, COMMENTS, EXECTYPE, CONTEXTS, LABELS, LIQUIBASE, DEPLOYMENT_ID) VALUES ('update-vault-states', 'R3.Corda', 'migration/vault-schema.changelog-v9.xml', NOW(), 92, '8:f8f4c73846280164daf6855e1ecf3cc6', 'customChange', '', 'EXECUTED', NULL, NULL, '3.6.3', '4052009392') {changeSet=migration/vault-schema.changelog-v9.xml::update-vault-states::R3.Corda, databaseChangeLog=master.changelog.json}
?[m?[37m[INFO] 17:13:29,923 [Test worker] migration.PersistentIdentityMigrationNewTable. - Migrating persistent identities with certificates table into persistent table with no certificate data. {changeSet=migration/node-services.changelog-init.xml::transfer-to-new-persistence-table::R3.Corda, databaseChangeLog=master.changelog.json}
?[m?[37m[INFO] 17:13:29,927 [Test worker] persistence.HibernateConfiguration. - Init HibernateConfiguration for schemas: [MappedSchema(name=net.corda.node.migration.PersistentIdentitiesMigrationSchema, version=1)] {changeSet=migration/node-services.changelog-init.xml::transfer-to-new-persistence-table::R3.Corda, databaseChangeLog=master.changelog.json}
?[m?[37m[INFO] 17:13:29,927 [Test worker] persistence.HibernateConfiguration. - Creating session factory for schemas: [MappedSchema(name=net.corda.node.migration.PersistentIdentitiesMigrationSchema, version=1)] {changeSet=migration/node-services.changelog-init.xml::transfer-to-new-persistence-table::R3.Corda, databaseChangeLog=master.changelog.json}
?[m?[37m[INFO] 17:13:29,941 [Test worker] internal.ConnectionProviderInitiator. - HHH000130: Instantiating explicit connection provider: net.corda.nodeapi.internal.persistence.HibernateConfiguration$NodeDatabaseConnectionProvider {changeSet=migration/node-services.changelog-init.xml::transfer-to-new-persistence-table::R3.Corda, databaseChangeLog=master.changelog.json}
?[m?[37m[INFO] 17:13:29,942 [Test worker] dialect.Dialect. - HHH000400: Using dialect: org.hibernate.dialect.H2Dialect {changeSet=migration/node-services.changelog-init.xml::transfer-to-new-persistence-table::R3.Corda, databaseChangeLog=master.changelog.json}
?[m?[37m[INFO] 17:13:30,011 [Test worker] connections.access. - HHH10001501: Connection obtained from JdbcConnectionAccess [org.hibernate.engine.jdbc.env.internal.JdbcEnvironmentInitiator$ConnectionProviderJdbcConnectionAccess@591b9d4] for (non-JTA) DDL execution was not in auto-commit mode; the Connection 'local transaction' will be committed and the Connection will be set into auto-commit mode. {changeSet=migration/node-services.changelog-init.xml::transfer-to-new-persistence-table::R3.Corda, databaseChangeLog=master.changelog.json}
?[m?[37m[INFO] 17:13:30,037 [Test worker] internal.JtaPlatformInitiator. - HHH000490: Using JtaPlatform implementation: [org.hibernate.engine.transaction.jta.platform.internal.NoJtaPlatform] {changeSet=migration/node-services.changelog-init.xml::transfer-to-new-persistence-table::R3.Corda, databaseChangeLog=master.changelog.json}
?[m?[37m[INFO] 17:13:30,037 [Test worker] persistence.HibernateConfiguration. - Created session factory for schemas: [MappedSchema(name=net.corda.node.migration.PersistentIdentitiesMigrationSchema, version=1)] {changeSet=migration/node-services.changelog-init.xml::transfer-to-new-persistence-table::R3.Corda, databaseChangeLog=master.changelog.json}
?[m?[37m[INFO] 17:13:30,040 [Test worker] changelog.ChangeSet. - null {changeSet=migration/node-services.changelog-init.xml::transfer-to-new-persistence-table::R3.Corda, databaseChangeLog=master.changelog.json}
?[m?[37m[INFO] 17:13:30,040 [Test worker] changelog.ChangeSet. - ChangeSet migration/node-services.changelog-init.xml::transfer-to-new-persistence-table::R3.Corda ran successfully in 118ms {changeSet=migration/node-services.changelog-init.xml::transfer-to-new-persistence-table::R3.Corda, databaseChangeLog=master.changelog.json}
?[m?[37m[INFO] 17:13:30,041 [Test worker] jvm.JdbcExecutor. - INSERT INTO PUBLIC.DATABASECHANGELOG (ID, AUTHOR, FILENAME, DATEEXECUTED, ORDEREXECUTED, MD5SUM, DESCRIPTION, COMMENTS, EXECTYPE, CONTEXTS, LABELS, LIQUIBASE, DEPLOYMENT_ID) VALUES ('transfer-to-new-persistence-table', 'R3.Corda', 'migration/node-services.changelog-init.xml', NOW(), 93, '8:dc5c1913b593f4a2b95ddca810da11ba', 'customChange', '', 'EXECUTED', NULL, NULL, '3.6.3', '4052009392') {changeSet=migration/node-services.changelog-init.xml::transfer-to-new-persistence-table::R3.Corda, databaseChangeLog=master.changelog.json}
?[m?[37m[INFO] 17:13:30,042 [Test worker] lockservice.StandardLockService. - Successfully released change log lock
?[m?[37m[INFO] 17:13:30,043 [Test worker] internal.InternalMockNetwork$MockNode. - Connected to H2 database.
?[m?[37m[INFO] 17:13:30,045 [Test worker] persistence.HibernateConfiguration. - Init HibernateConfiguration for schemas: [CommonSchemaV1(name=net.corda.core.schemas.CommonSchema, version=1), VaultSchemaV1(name=net.corda.node.services.vault.VaultSchema, version=1), NodeInfoSchemaV1(name=net.corda.node.internal.schemas.NodeInfoSchema, version=1), NodeCoreV1(name=net.corda.node.services.schema.NodeSchemaService$NodeCore, version=1)]
?[m?[37m[INFO] 17:13:30,045 [Test worker] persistence.HibernateConfiguration. - Creating session factory for schemas: [CommonSchemaV1(name=net.corda.core.schemas.CommonSchema, version=1), VaultSchemaV1(name=net.corda.node.services.vault.VaultSchema, version=1), NodeInfoSchemaV1(name=net.corda.node.internal.schemas.NodeInfoSchema, version=1), NodeCoreV1(name=net.corda.node.services.schema.NodeSchemaService$NodeCore, version=1)]
?[m?[37m[INFO] 17:13:30,049 [Test worker] internal.ConnectionProviderInitiator. - HHH000130: Instantiating explicit connection provider: net.corda.nodeapi.internal.persistence.HibernateConfiguration$NodeDatabaseConnectionProvider
?[m?[37m[INFO] 17:13:30,050 [Test worker] dialect.Dialect. - HHH000400: Using dialect: org.hibernate.dialect.H2Dialect
?[m?[37m[INFO] 17:13:30,163 [Test worker] connections.access. - HHH10001501: Connection obtained from JdbcConnectionAccess [org.hibernate.engine.jdbc.env.internal.JdbcEnvironmentInitiator$ConnectionProviderJdbcConnectionAccess@79a5e184] for (non-JTA) DDL execution was not in auto-commit mode; the Connection 'local transaction' will be committed and the Connection will be set into auto-commit mode.
?[m?[37m[INFO] 17:13:30,212 [Test worker] internal.JtaPlatformInitiator. - HHH000490: Using JtaPlatform implementation: [org.hibernate.engine.transaction.jta.platform.internal.NoJtaPlatform]
?[m?[37m[INFO] 17:13:30,212 [Test worker] persistence.HibernateConfiguration. - Created session factory for schemas: [CommonSchemaV1(name=net.corda.core.schemas.CommonSchema, version=1), VaultSchemaV1(name=net.corda.node.services.vault.VaultSchema, version=1), NodeInfoSchemaV1(name=net.corda.node.internal.schemas.NodeInfoSchema, version=1), NodeCoreV1(name=net.corda.node.services.schema.NodeSchemaService$NodeCore, version=1)]
?[m?[37m[INFO] 17:13:30,214 [Test worker] internal.InternalMockNetwork$MockNode. - identity-private-key not found in key store, generating fresh key!
?[m?[37m[INFO] 17:13:30,232 [Test worker] internal.InternalMockNetwork$MockNode. - Node-info has changed so submitting update. Old node-info was null
?[m?[37m[INFO] 17:13:30,232 [Test worker] network.PersistentNetworkMapCache. - Adding node with info: NodeInfo(addresses=[mock.node:1000], legalIdentitiesAndCerts=[O=Mock Company 1, L=London, C=GB], platformVersion=6, serial=1594052010232)
?[m?[37m[INFO] 17:13:30,234 [Test worker] network.PersistentNetworkMapCache. - No previous node found for O=Mock Company 1, L=London, C=GB
?[m?[37m[INFO] 17:13:30,240 [Test worker] internal.InternalMockNetwork$MockNode. - New node-info: NodeInfo(addresses=[mock.node:1000], legalIdentitiesAndCerts=[O=Mock Company 1, L=London, C=GB], platformVersion=6, serial=1594052010232)
?[m?[37m[INFO] 17:13:30,246 [Test worker] network.NetworkMapUpdater. - Auto-accept enabled for network parameter changes which modify only: [epoch, modifiedTime, packageOwnership, whitelistedContractImplementations]
?[m?[37m[INFO] 17:13:30,250 [MockNode-2-2] network.PersistentNetworkMapCache. - Adding node with info: NodeInfo(addresses=[mock.node:1000], legalIdentitiesAndCerts=[O=Mock Company 1, L=London, C=GB], platformVersion=6, serial=1594052010232)
?[m?[37m[INFO] 17:13:30,259 [MockNode-2-2] network.PersistentNetworkMapCache. - Previous node was identical to incoming one - doing nothing
?[m?[37m[INFO] 17:13:30,276 [Test worker] ClassloaderUtils. - Contracts loading for '/var/folders/_g/9fzbngjj4w32txcb7jh6z86c0000gp/T/attachment4990427541982374959.jar' took 6 msec
?[m?[37m[INFO] 17:13:30,287 [Test worker] persistence.NodeAttachmentService. - Stored new attachment: id=C8FAD87E53A1FCF879C27EC3D731908C0E89E846808E94424A07FFB208E7039E uploader=app filename=Template CorDapp
?[m?[37m[INFO] 17:13:30,302 [Test worker] statemachine.SingleThreadedStateMachineManager. - Node ready, info: NodeInfo(addresses=[mock.node:1000], legalIdentitiesAndCerts=[O=Mock Company 1, L=London, C=GB], platformVersion=6, serial=1594052010232)
?[m?[37m[INFO] 17:13:30,306 [Test worker] network.PersistentNetworkMapCache. - Adding node with info: NodeInfo(addresses=[mock.node:1000], legalIdentitiesAndCerts=[O=Notary Service, L=Zurich, C=CH], platformVersion=6, serial=1594052008533)
?[m?[37m[INFO] 17:13:30,311 [Test worker] network.PersistentNetworkMapCache. - No previous node found for O=Notary Service, L=Zurich, C=CH
?[m?[37m[INFO] 17:13:30,328 [Test worker] network.PersistentNetworkMapCache. - Adding node with info: NodeInfo(addresses=[mock.node:1000], legalIdentitiesAndCerts=[O=Mock Company 1, L=London, C=GB], platformVersion=6, serial=1594052010232)
?[m?[37m[INFO] 17:13:30,330 [Test worker] network.PersistentNetworkMapCache. - No previous node found for O=Mock Company 1, L=London, C=GB
?[m?[37m[INFO] 17:13:30,354 [Test worker] network.PersistentNetworkMapCache. - Adding node with info: NodeInfo(addresses=[mock.node:1000], legalIdentitiesAndCerts=[O=Mock Company 1, L=London, C=GB], platformVersion=6, serial=1594052010232)
?[m?[37m[INFO] 17:13:30,354 [Test worker] network.PersistentNetworkMapCache. - Previous node was identical to incoming one - doing nothing
?[m?[37m[INFO] 17:13:30,355 [Test worker] network.PersistentNetworkMapCache. - Adding node with info: NodeInfo(addresses=[mock.node:1000], legalIdentitiesAndCerts=[O=Mock Company 1, L=London, C=GB], platformVersion=6, serial=1594052010232)
?[m?[37m[INFO] 17:13:30,355 [Test worker] network.PersistentNetworkMapCache. - Previous node was identical to incoming one - doing nothing
?[mBing! 0!
Bing! 1!
Bing! 2!
Bing! 3!
Bing! 4!
Bing! 5!
Bing! 6!
Bing! 7!
Bing! 8!
Bing! 9!
Bong! 0!
Bong! 1!
Bong! 2!
Bong! 3!
Bong! 4!
Bong! 5!
Bong! 6!
Bong! 7!
Bong! 8!
Bong! 9!
?[37m[INFO] 17:13:42,920 [Test worker] hikari.HikariDataSource. - HikariPool-1 - Shutdown initiated...
?[m?[37m[INFO] 17:13:42,925 [Test worker] hikari.HikariDataSource. - HikariPool-1 - Shutdown completed.
?[m?[37m[INFO] 17:13:42,932 [Test worker] hikari.HikariDataSource. - HikariPool-2 - Shutdown initiated...
?[m?[37m[INFO] 17:13:42,934 [Test worker] hikari.HikariDataSource. - HikariPool-2 - Shutdown completed.
?[m]]></system-out>
  <system-err><![CDATA[[quasar] WARNING: UnableToInstrumentException encountered when instrumenting com/template/flows/SleepyFlow#call()Ljava/lang/Void;: Unable to instrument com/template/flows/SleepyFlow#call()Ljava/lang/Void; because of blocking call to java/lang/Thread#sleep(J)V
QUASAR WARNING: Assertions enabled. This may harm performance.
QUASAR WARNING: Fibers are set to verify instrumentation. This may *severely* harm performance.
]]></system-err>
</testsuite>
